#
# There is insufficient memory for the Java Runtime Environment to continue.
# Native memory allocation (mmap) failed to map 37224448 bytes for committing reserved memory.
# Possible reasons:
#   The system is out of physical RAM or swap space
#   In 32 bit mode, the process size limit was hit
# Possible solutions:
#   Reduce memory load on the system
#   Increase physical memory or swap space
#   Check if swap backing store is full
#   Use 64 bit Java on a 64 bit OS
#   Decrease Java heap size (-Xmx/-Xms)
#   Decrease number of Java threads
#   Decrease Java thread stack sizes (-Xss)
#   Set larger code cache with -XX:ReservedCodeCacheSize=
# This output file may be truncated or incomplete.
#
#  Out of Memory Error (os_linux.cpp:2640), pid=6279, tid=0x00007f9262720700
#
# JRE version: OpenJDK Runtime Environment (8.0_152-b01) (build 1.8.0_152-release-915-b01)
# Java VM: OpenJDK 64-Bit Server VM (25.152-b01 mixed mode linux-amd64 compressed oops)
# Failed to write core dump. Core dumps have been disabled. To enable core dumping, try "ulimit -c unlimited" before starting Java again
#

---------------  T H R E A D  ---------------

Current thread (0x00007f9284078000):  VMThread [stack: 0x00007f9262620000,0x00007f9262721000] [id=6287]

Stack: [0x00007f9262620000,0x00007f9262721000],  sp=0x00007f926271f4c0,  free space=1021k
Native frames: (J=compiled Java code, j=interpreted, Vv=VM code, C=native code)
V  [libjvm.so+0x9eb15d]  VMError::report_and_die()+0x15d
V  [libjvm.so+0x4b8eaa]  report_vm_out_of_memory(char const*, int, unsigned long, VMErrorType, char const*)+0x8a
V  [libjvm.so+0x851370]  os::pd_commit_memory(char*, unsigned long, unsigned long, bool)+0xf0
V  [libjvm.so+0x84be8f]  os::commit_memory(char*, unsigned long, unsigned long, bool)+0x1f
V  [libjvm.so+0x8c261b]  PSVirtualSpace::expand_by(unsigned long)+0x5b
V  [libjvm.so+0x8c3290]  PSYoungGen::resize_generation(unsigned long, unsigned long)+0xb0
V  [libjvm.so+0x8c35ab]  PSYoungGen::resize(unsigned long, unsigned long)+0x1b
V  [libjvm.so+0x8bfc9c]  PSScavenge::invoke_no_policy()+0xdac
V  [libjvm.so+0x8c0478]  PSScavenge::invoke()+0x38
V  [libjvm.so+0x8748f3]  ParallelScavengeHeap::failed_mem_allocate(unsigned long)+0x63
V  [libjvm.so+0x9ecc84]  VM_ParallelGCFailedAllocation::doit()+0x84
V  [libjvm.so+0x9f1197]  VM_Operation::evaluate()+0x47
V  [libjvm.so+0x9efb78]  VMThread::evaluate_operation(VM_Operation*)+0x2c8
V  [libjvm.so+0x9efff9]  VMThread::loop()+0x219
V  [libjvm.so+0x9f0442]  VMThread::run()+0x72
V  [libjvm.so+0x84e792]  java_start(Thread*)+0xf2

VM_Operation (0x00007f922f8f89d0): ParallelGCFailedAllocation, mode: safepoint, requested by thread 0x00007f9220108000


---------------  P R O C E S S  ---------------

Java Threads: ( => current thread )
  0x00007f922114b800 JavaThread "build operations Thread 4" [_thread_blocked, id=6313, stack(0x00007f922dedf000,0x00007f922dfe0000)]
  0x00007f922114a000 JavaThread "build operations Thread 3" [_thread_blocked, id=6312, stack(0x00007f922dfe0000,0x00007f922e0e1000)]
  0x00007f9221148800 JavaThread "build operations Thread 2" [_thread_blocked, id=6311, stack(0x00007f922e0e1000,0x00007f922e1e2000)]
  0x00007f922114d800 JavaThread "build operations" [_thread_blocked, id=6310, stack(0x00007f922e1e2000,0x00007f922e2e3000)]
  0x00007f9221031800 JavaThread "Cache worker for Artifact transforms cache (/home/aheat/.gradle/caches/transforms-1)" [_thread_blocked, id=6309, stack(0x00007f922e6e3000,0x00007f922e7e4000)]
  0x00007f922024a000 JavaThread "Cache worker for file hash cache (/media/aheat/0898DA2C98DA1850/Latihan/android/WasiatNahdlatulWathan/.gradle/4.1/fileHashes)" [_thread_blocked, id=6308, stack(0x00007f922f3f8000,0x00007f922f4f9000)]
  0x00007f922010b000 JavaThread "File lock request listener" [_thread_in_native, id=6307, stack(0x00007f922f6f9000,0x00007f922f7fa000)]
  0x00007f9220108000 JavaThread "Cache worker for file hash cache (/home/aheat/.gradle/caches/4.1/fileHashes)" [_thread_blocked, id=6306, stack(0x00007f922f7fa000,0x00007f922f8fb000)]
  0x00007f9220013800 JavaThread "Stdin handler" [_thread_blocked, id=6305, stack(0x00007f922fafb000,0x00007f922fbfc000)]
  0x00007f9220003800 JavaThread "Asynchronous log dispatcher for DefaultDaemonConnection: socket connection from /127.0.0.1:33957 to /127.0.0.1:47668" [_thread_blocked, id=6304, stack(0x00007f922fbfc000,0x00007f922fcfd000)]
  0x00007f9228008000 JavaThread "Daemon worker" [_thread_blocked, id=6301, stack(0x00007f922fcfd000,0x00007f922fdfe000)]
  0x00007f9228006800 JavaThread "Cancel handler" [_thread_blocked, id=6300, stack(0x00007f922fdfe000,0x00007f922feff000)]
  0x00007f9228001800 JavaThread "Handler for socket connection from /127.0.0.1:33957 to /127.0.0.1:47668" [_thread_in_native, id=6299, stack(0x00007f922feff000,0x00007f9230000000)]
  0x00007f9230019000 JavaThread "Daemon" [_thread_blocked, id=6298, stack(0x00007f926001b000,0x00007f926011c000)]
  0x00007f9284cc7800 JavaThread "Daemon periodic checks" [_thread_blocked, id=6297, stack(0x00007f926011c000,0x00007f926021d000)]
  0x00007f9284ca3800 JavaThread "Incoming local TCP Connector on port 33957" [_thread_in_native, id=6296, stack(0x00007f9260224000,0x00007f9260325000)]
  0x00007f92840c1000 JavaThread "Service Thread" daemon [_thread_blocked, id=6294, stack(0x00007f9261c40000,0x00007f9261d41000)]
  0x00007f92840be000 JavaThread "C1 CompilerThread2" daemon [_thread_blocked, id=6293, stack(0x00007f9261d41000,0x00007f9261e42000)]
  0x00007f92840bc000 JavaThread "C2 CompilerThread1" daemon [_thread_blocked, id=6292, stack(0x00007f9261e42000,0x00007f9261f43000)]
  0x00007f92840b9800 JavaThread "C2 CompilerThread0" daemon [_thread_blocked, id=6291, stack(0x00007f9261f43000,0x00007f9262044000)]
  0x00007f92840b8000 JavaThread "Signal Dispatcher" daemon [_thread_blocked, id=6290, stack(0x00007f9262044000,0x00007f9262145000)]
  0x00007f9284084800 JavaThread "Finalizer" daemon [_thread_blocked, id=6289, stack(0x00007f926241e000,0x00007f926251f000)]
  0x00007f928407f800 JavaThread "Reference Handler" daemon [_thread_blocked, id=6288, stack(0x00007f926251f000,0x00007f9262620000)]
  0x00007f928400a800 JavaThread "main" [_thread_blocked, id=6282, stack(0x00007f9289f66000,0x00007f928a067000)]

Other Threads:
=>0x00007f9284078000 VMThread [stack: 0x00007f9262620000,0x00007f9262721000] [id=6287]
  0x00007f92840c3800 WatcherThread [stack: 0x00007f9261b3f000,0x00007f9261c40000] [id=6295]

VM state:at safepoint (normal execution)

VM Mutex/Monitor currently owned by a thread:  ([mutex/lock_event])
[0x00007f9284006e00] Threads_lock - owner thread: 0x00007f9284078000
[0x00007f9284007300] Heap_lock - owner thread: 0x00007f9220108000

Heap:
 PSYoungGen      total 114176K, used 8673K [0x00000000e0000000, 0x00000000e8400000, 0x0000000100000000)
  eden space 105472K, 0% used [0x00000000e0000000,0x00000000e0000000,0x00000000e6700000)
  from space 8704K, 99% used [0x00000000e7300000,0x00000000e7b78780,0x00000000e7b80000)
  to   space 7168K, 0% used [0x00000000e7d00000,0x00000000e7d00000,0x00000000e8400000)
 ParOldGen       total 29184K, used 6744K [0x00000000a0000000, 0x00000000a1c80000, 0x00000000e0000000)
  object space 29184K, 23% used [0x00000000a0000000,0x00000000a0696170,0x00000000a1c80000)
 Metaspace       used 30570K, capacity 31178K, committed 31488K, reserved 1077248K
  class space    used 4159K, capacity 4350K, committed 4352K, reserved 1048576K

Card table byte_map: [0x00007f9273aa2000,0x00007f9273da3000] byte_map_base: 0x00007f92735a2000

Marking Bits: (ParMarkBitMap*) 0x00007f92894313e0
 Begin Bits: [0x00007f927049e000, 0x00007f9271c9e000)
 End Bits:   [0x00007f9271c9e000, 0x00007f927349e000)

Polling page: 0x00007f928a083000

CodeCache: size=245760Kb used=10954Kb max_used=11152Kb free=234805Kb
 bounds [0x00007f9274163000, 0x00007f9274c53000, 0x00007f9283163000]
 total_blobs=3784 nmethods=3129 adapters=569
 compilation: enabled

Compilation events (10 events):
Event: 7,458 Thread 0x00007f92840be000 3308       3       java.util.concurrent.locks.AbstractQueuedSynchronizer::release (33 bytes)
Event: 7,459 Thread 0x00007f92840be000 nmethod 3308 0x00007f92744c1450 code [0x00007f92744c15e0, 0x00007f92744c18f8]
Event: 7,459 Thread 0x00007f92840be000 3307       1       org.gradle.api.internal.changedetection.state.CachingFileHasher$FileInfo::getHash (5 bytes)
Event: 7,459 Thread 0x00007f92840be000 nmethod 3307 0x00007f9274324990 code [0x00007f9274324ae0, 0x00007f9274324bf0]
Event: 7,459 Thread 0x00007f92840be000 3309       3       com.google.common.cache.LocalCache::recordsAccess (5 bytes)
Event: 7,459 Thread 0x00007f92840be000 nmethod 3309 0x00007f92744c1010 code [0x00007f92744c1180, 0x00007f92744c13b0]
Event: 7,459 Thread 0x00007f92840be000 3310       3       com.google.common.hash.MessageDigestHashFunction$MessageDigestHasher::checkNotDone (18 bytes)
Event: 7,460 Thread 0x00007f92840be000 nmethod 3310 0x00007f92744c08d0 code [0x00007f92744c0a60, 0x00007f92744c0e48]
Event: 7,460 Thread 0x00007f92840be000 3311       3       com.google.common.base.Equivalence::equivalent (24 bytes)
Event: 7,460 Thread 0x00007f92840be000 nmethod 3311 0x00007f92742f56d0 code [0x00007f92742f5840, 0x00007f92742f5b28]

GC Heap History (10 events):
Event: 2,175 GC heap after
Heap after GC invocations=5 (full 0):
 PSYoungGen      total 33280K, used 2528K [0x00000000e0000000, 0x00000000e4a00000, 0x0000000100000000)
  eden space 30720K, 0% used [0x00000000e0000000,0x00000000e0000000,0x00000000e1e00000)
  from space 2560K, 98% used [0x00000000e1e00000,0x00000000e2078030,0x00000000e2080000)
  to   space 7168K, 0% used [0x00000000e4300000,0x00000000e4300000,0x00000000e4a00000)
 ParOldGen       total 40960K, used 7311K [0x00000000a0000000, 0x00000000a2800000, 0x00000000e0000000)
  object space 40960K, 17% used [0x00000000a0000000,0x00000000a0723d48,0x00000000a2800000)
 Metaspace       used 14759K, capacity 15054K, committed 15360K, reserved 1062912K
  class space    used 2102K, capacity 2217K, committed 2304K, reserved 1048576K
}
Event: 3,045 GC heap before
{Heap before GC invocations=6 (full 0):
 PSYoungGen      total 33280K, used 33248K [0x00000000e0000000, 0x00000000e4a00000, 0x0000000100000000)
  eden space 30720K, 100% used [0x00000000e0000000,0x00000000e1e00000,0x00000000e1e00000)
  from space 2560K, 98% used [0x00000000e1e00000,0x00000000e2078030,0x00000000e2080000)
  to   space 7168K, 0% used [0x00000000e4300000,0x00000000e4300000,0x00000000e4a00000)
 ParOldGen       total 40960K, used 7311K [0x00000000a0000000, 0x00000000a2800000, 0x00000000e0000000)
  object space 40960K, 17% used [0x00000000a0000000,0x00000000a0723d48,0x00000000a2800000)
 Metaspace       used 20532K, capacity 21064K, committed 21248K, reserved 1067008K
  class space    used 2853K, capacity 3037K, committed 3072K, reserved 1048576K
Event: 3,055 GC heap after
Heap after GC invocations=6 (full 0):
 PSYoungGen      total 67072K, used 7139K [0x00000000e0000000, 0x00000000e4d00000, 0x0000000100000000)
  eden space 59904K, 0% used [0x00000000e0000000,0x00000000e0000000,0x00000000e3a80000)
  from space 7168K, 99% used [0x00000000e4300000,0x00000000e49f8eb0,0x00000000e4a00000)
  to   space 8704K, 0% used [0x00000000e3a80000,0x00000000e3a80000,0x00000000e4300000)
 ParOldGen       total 40960K, used 7911K [0x00000000a0000000, 0x00000000a2800000, 0x00000000e0000000)
  object space 40960K, 19% used [0x00000000a0000000,0x00000000a07b9cb0,0x00000000a2800000)
 Metaspace       used 20532K, capacity 21064K, committed 21248K, reserved 1067008K
  class space    used 2853K, capacity 3037K, committed 3072K, reserved 1048576K
}
Event: 3,075 GC heap before
{Heap before GC invocations=7 (full 0):
 PSYoungGen      total 67072K, used 8822K [0x00000000e0000000, 0x00000000e4d00000, 0x0000000100000000)
  eden space 59904K, 2% used [0x00000000e0000000,0x00000000e01a4ba0,0x00000000e3a80000)
  from space 7168K, 99% used [0x00000000e4300000,0x00000000e49f8eb0,0x00000000e4a00000)
  to   space 8704K, 0% used [0x00000000e3a80000,0x00000000e3a80000,0x00000000e4300000)
 ParOldGen       total 40960K, used 7911K [0x00000000a0000000, 0x00000000a2800000, 0x00000000e0000000)
  object space 40960K, 19% used [0x00000000a0000000,0x00000000a07b9cb0,0x00000000a2800000)
 Metaspace       used 20586K, capacity 21064K, committed 21248K, reserved 1067008K
  class space    used 2860K, capacity 3037K, committed 3072K, reserved 1048576K
Event: 3,082 GC heap after
Heap after GC invocations=7 (full 0):
 PSYoungGen      total 68608K, used 4132K [0x00000000e0000000, 0x00000000e8500000, 0x0000000100000000)
  eden space 59904K, 0% used [0x00000000e0000000,0x00000000e0000000,0x00000000e3a80000)
  from space 8704K, 47% used [0x00000000e3a80000,0x00000000e3e89040,0x00000000e4300000)
  to   space 8192K, 0% used [0x00000000e7d00000,0x00000000e7d00000,0x00000000e8500000)
 ParOldGen       total 40960K, used 8639K [0x00000000a0000000, 0x00000000a2800000, 0x00000000e0000000)
  object space 40960K, 21% used [0x00000000a0000000,0x00000000a086fd20,0x00000000a2800000)
 Metaspace       used 20586K, capacity 21064K, committed 21248K, reserved 1067008K
  class space    used 2860K, capacity 3037K, committed 3072K, reserved 1048576K
}
Event: 3,082 GC heap before
{Heap before GC invocations=8 (full 1):
 PSYoungGen      total 68608K, used 4132K [0x00000000e0000000, 0x00000000e8500000, 0x0000000100000000)
  eden space 59904K, 0% used [0x00000000e0000000,0x00000000e0000000,0x00000000e3a80000)
  from space 8704K, 47% used [0x00000000e3a80000,0x00000000e3e89040,0x00000000e4300000)
  to   space 8192K, 0% used [0x00000000e7d00000,0x00000000e7d00000,0x00000000e8500000)
 ParOldGen       total 40960K, used 8639K [0x00000000a0000000, 0x00000000a2800000, 0x00000000e0000000)
  object space 40960K, 21% used [0x00000000a0000000,0x00000000a086fd20,0x00000000a2800000)
 Metaspace       used 20586K, capacity 21064K, committed 21248K, reserved 1067008K
  class space    used 2860K, capacity 3037K, committed 3072K, reserved 1048576K
Event: 3,139 GC heap after
Heap after GC invocations=8 (full 1):
 PSYoungGen      total 68608K, used 0K [0x00000000e0000000, 0x00000000e8500000, 0x0000000100000000)
  eden space 59904K, 0% used [0x00000000e0000000,0x00000000e0000000,0x00000000e3a80000)
  from space 8704K, 0% used [0x00000000e3a80000,0x00000000e3a80000,0x00000000e4300000)
  to   space 8192K, 0% used [0x00000000e7d00000,0x00000000e7d00000,0x00000000e8500000)
 ParOldGen       total 29184K, used 6508K [0x00000000a0000000, 0x00000000a1c80000, 0x00000000e0000000)
  object space 29184K, 22% used [0x00000000a0000000,0x00000000a065b218,0x00000000a1c80000)
 Metaspace       used 20586K, capacity 21064K, committed 21248K, reserved 1067008K
  class space    used 2860K, capacity 3037K, committed 3072K, reserved 1048576K
}
Event: 5,454 GC heap before
{Heap before GC invocations=9 (full 1):
 PSYoungGen      total 68608K, used 59904K [0x00000000e0000000, 0x00000000e8500000, 0x0000000100000000)
  eden space 59904K, 100% used [0x00000000e0000000,0x00000000e3a80000,0x00000000e3a80000)
  from space 8704K, 0% used [0x00000000e3a80000,0x00000000e3a80000,0x00000000e4300000)
  to   space 8192K, 0% used [0x00000000e7d00000,0x00000000e7d00000,0x00000000e8500000)
 ParOldGen       total 29184K, used 6508K [0x00000000a0000000, 0x00000000a1c80000, 0x00000000e0000000)
  object space 29184K, 22% used [0x00000000a0000000,0x00000000a065b218,0x00000000a1c80000)
 Metaspace       used 25311K, capacity 25856K, committed 26240K, reserved 1071104K
  class space    used 3460K, capacity 3665K, committed 3712K, reserved 1048576K
Event: 5,466 GC heap after
Heap after GC invocations=9 (full 1):
 PSYoungGen      total 112640K, used 6678K [0x00000000e0000000, 0x00000000e8400000, 0x0000000100000000)
  eden space 105472K, 0% used [0x00000000e0000000,0x00000000e0000000,0x00000000e6700000)
  from space 7168K, 93% used [0x00000000e7d00000,0x00000000e8385ac8,0x00000000e8400000)
  to   space 8704K, 0% used [0x00000000e7300000,0x00000000e7300000,0x00000000e7b80000)
 ParOldGen       total 29184K, used 6508K [0x00000000a0000000, 0x00000000a1c80000, 0x00000000e0000000)
  object space 29184K, 22% used [0x00000000a0000000,0x00000000a065b218,0x00000000a1c80000)
 Metaspace       used 25311K, capacity 25856K, committed 26240K, reserved 1071104K
  class space    used 3460K, capacity 3665K, committed 3712K, reserved 1048576K
}
Event: 7,462 GC heap before
{Heap before GC invocations=10 (full 1):
 PSYoungGen      total 112640K, used 112149K [0x00000000e0000000, 0x00000000e8400000, 0x0000000100000000)
  eden space 105472K, 99% used [0x00000000e0000000,0x00000000e66ffad8,0x00000000e6700000)
  from space 7168K, 93% used [0x00000000e7d00000,0x00000000e8385ac8,0x00000000e8400000)
  to   space 8704K, 0% used [0x00000000e7300000,0x00000000e7300000,0x00000000e7b80000)
 ParOldGen       total 29184K, used 6508K [0x00000000a0000000, 0x00000000a1c80000, 0x00000000e0000000)
  object space 29184K, 22% used [0x00000000a0000000,0x00000000a065b218,0x00000000a1c80000)
 Metaspace       used 30570K, capacity 31178K, committed 31488K, reserved 1077248K
  class space    used 4159K, capacity 4350K, committed 4352K, reserved 1048576K

Deoptimization events (10 events):
Event: 6,648 Thread 0x00007f9228008000 Uncommon trap: reason=unstable_if action=reinterpret pc=0x00007f9274aca0fc method=com.sun.org.apache.xerces.internal.impl.XMLEntityScanner.skipSpaces()Z @ 85
Event: 6,648 Thread 0x00007f9228008000 Uncommon trap: reason=unstable_if action=reinterpret pc=0x00007f9274afcd54 method=com.sun.org.apache.xerces.internal.impl.XMLEntityScanner.peekChar()I @ 51
Event: 6,648 Thread 0x00007f9228008000 Uncommon trap: reason=unstable_if action=reinterpret pc=0x00007f9274ac1eac method=com.sun.org.apache.xerces.internal.impl.XMLEntityScanner.scanContent(Lcom/sun/org/apache/xerces/internal/xni/XMLString;)I @ 127
Event: 6,714 Thread 0x00007f9228008000 Uncommon trap: reason=unstable_if action=reinterpret pc=0x00007f9274b62a9c method=com.sun.org.apache.xerces.internal.impl.XMLEntityScanner.peekChar()I @ 51
Event: 6,763 Thread 0x00007f9228008000 Uncommon trap: reason=unstable_if action=reinterpret pc=0x00007f9274b17d18 method=com.sun.org.apache.xerces.internal.impl.io.UTF8Reader.read([CII)I @ 131
Event: 6,770 Thread 0x00007f9228008000 Uncommon trap: reason=unstable_if action=reinterpret pc=0x00007f9274b1cc60 method=com.sun.org.apache.xerces.internal.impl.XMLEntityScanner.scanName(Lcom/sun/org/apache/xerces/internal/impl/XMLScanner$NameType;)Ljava/lang/String; @ 69
Event: 7,236 Thread 0x00007f922114d800 Uncommon trap: reason=unstable_if action=reinterpret pc=0x00007f9274910604 method=java.util.concurrent.ConcurrentHashMap.get(Ljava/lang/Object;)Ljava/lang/Object; @ 86
Event: 7,236 Thread 0x00007f922114d800 Uncommon trap: reason=unstable_if action=reinterpret pc=0x00007f92747bd020 method=java.util.concurrent.ConcurrentHashMap.putVal(Ljava/lang/Object;Ljava/lang/Object;Z)Ljava/lang/Object; @ 113
Event: 7,238 Thread 0x00007f922114a000 Uncommon trap: reason=unstable_if action=reinterpret pc=0x00007f9274690d20 method=java.util.concurrent.ConcurrentHashMap.addCount(JI)V @ 168
Event: 7,239 Thread 0x00007f922114b800 Uncommon trap: reason=unstable_if action=reinterpret pc=0x00007f92747bcfc0 method=java.util.concurrent.ConcurrentHashMap.putVal(Ljava/lang/Object;Ljava/lang/Object;Z)Ljava/lang/Object; @ 147

Classes redefined (0 events):
No events

Internal exceptions (10 events):
Event: 5,773 Thread 0x00007f9228008000 Exception <a 'java/lang/ClassNotFoundException': org/gradle/api/internal/artifacts/dsl/dependencies/DefaultDependencyHandler_DecoratedBeanInfo> (0x00000000e1420a78) thrown at [/ssd/Android/AOSP-openjdk-git/jdk8u/hotspot/src/share/vm/classfile/systemDictio
Event: 5,774 Thread 0x00007f9228008000 Exception <a 'java/lang/ClassNotFoundException': org/gradle/api/internal/artifacts/dsl/dependencies/DefaultDependencyHandlerBeanInfo> (0x00000000e1463388) thrown at [/ssd/Android/AOSP-openjdk-git/jdk8u/hotspot/src/share/vm/classfile/systemDictionary.cpp, 
Event: 5,775 Thread 0x00007f9228008000 Exception <a 'java/lang/ClassNotFoundException': org/gradle/api/internal/artifacts/dsl/dependencies/DefaultDependencyHandlerCustomizer> (0x00000000e14a68a8) thrown at [/ssd/Android/AOSP-openjdk-git/jdk8u/hotspot/src/share/vm/classfile/systemDictionary.cpp
Event: 5,778 Thread 0x00007f9228008000 Exception <a 'java/lang/ClassNotFoundException': org/gradle/api/internal/artifacts/dsl/dependencies/DefaultDependencyHandler_DecoratedCustomizer> (0x00000000e150d4f0) thrown at [/ssd/Android/AOSP-openjdk-git/jdk8u/hotspot/src/share/vm/classfile/systemDict
Event: 5,790 Thread 0x00007f9228008000 Exception <a 'java/lang/ClassNotFoundException': groovy/lang/GString$1BeanInfo> (0x00000000e15dfd90) thrown at [/ssd/Android/AOSP-openjdk-git/jdk8u/hotspot/src/share/vm/classfile/systemDictionary.cpp, line 210]
Event: 5,791 Thread 0x00007f9228008000 Exception <a 'java/lang/ClassNotFoundException': groovy/lang/GStringBeanInfo> (0x00000000e15f9130) thrown at [/ssd/Android/AOSP-openjdk-git/jdk8u/hotspot/src/share/vm/classfile/systemDictionary.cpp, line 210]
Event: 5,792 Thread 0x00007f9228008000 Exception <a 'java/lang/ClassNotFoundException': groovy/lang/GStringCustomizer> (0x00000000e1612d30) thrown at [/ssd/Android/AOSP-openjdk-git/jdk8u/hotspot/src/share/vm/classfile/systemDictionary.cpp, line 210]
Event: 5,794 Thread 0x00007f9228008000 Exception <a 'java/lang/ClassNotFoundException': groovy/lang/GString$1Customizer> (0x00000000e1638f58) thrown at [/ssd/Android/AOSP-openjdk-git/jdk8u/hotspot/src/share/vm/classfile/systemDictionary.cpp, line 210]
Event: 5,797 Thread 0x00007f9228008000 Exception <a 'java/lang/ClassNotFoundException': org/codehaus/groovy/runtime/GStringImplBeanInfo> (0x00000000e168b4b0) thrown at [/ssd/Android/AOSP-openjdk-git/jdk8u/hotspot/src/share/vm/classfile/systemDictionary.cpp, line 210]
Event: 5,798 Thread 0x00007f9228008000 Exception <a 'java/lang/ClassNotFoundException': org/codehaus/groovy/runtime/GStringImplCustomizer> (0x00000000e16ac4a0) thrown at [/ssd/Android/AOSP-openjdk-git/jdk8u/hotspot/src/share/vm/classfile/systemDictionary.cpp, line 210]

Events (10 events):
Event: 7,390 loading class org/gradle/api/internal/changedetection/state/RegularFileSnapshot done
Event: 7,391 loading class org/gradle/api/file/RelativePath
Event: 7,391 loading class org/gradle/api/file/RelativePath done
Event: 7,392 loading class org/gradle/api/internal/changedetection/state/FileHashSnapshot
Event: 7,392 loading class org/gradle/api/internal/changedetection/state/FileHashSnapshot done
Event: 7,394 loading class org/gradle/api/internal/changedetection/state/AbstractFileCollectionSnapshotter$1
Event: 7,394 loading class org/gradle/api/internal/changedetection/state/AbstractFileCollectionSnapshotter$1 done
Event: 7,396 loading class org/gradle/api/internal/changedetection/state/IgnoredPathFileSnapshot
Event: 7,396 loading class org/gradle/api/internal/changedetection/state/IgnoredPathFileSnapshot done
Event: 7,461 Executing VM operation: ParallelGCFailedAllocation


Dynamic libraries:
00400000-00401000 r-xp 00000000 08:06 957663                             /opt/android-studio/jre/bin/java
00600000-00601000 r--p 00000000 08:06 957663                             /opt/android-studio/jre/bin/java
00601000-00602000 rw-p 00001000 08:06 957663                             /opt/android-studio/jre/bin/java
00d4b000-00d6c000 rw-p 00000000 00:00 0                                  [heap]
a0000000-a1c80000 rw-p 00000000 00:00 0 
a1c80000-e0000000 ---p 00000000 00:00 0 
e0000000-e8400000 rw-p 00000000 00:00 0 
ea780000-100000000 ---p 00000000 00:00 0 
100000000-100440000 rw-p 00000000 00:00 0 
100440000-140000000 ---p 00000000 00:00 0 
7f91f4000000-7f91f4021000 rw-p 00000000 00:00 0 
7f91f4021000-7f91f8000000 ---p 00000000 00:00 0 
7f91f8000000-7f91f8021000 rw-p 00000000 00:00 0 
7f91f8021000-7f91fc000000 ---p 00000000 00:00 0 
7f91fc000000-7f91fc021000 rw-p 00000000 00:00 0 
7f91fc021000-7f9200000000 ---p 00000000 00:00 0 
7f9200000000-7f9200021000 rw-p 00000000 00:00 0 
7f9200021000-7f9204000000 ---p 00000000 00:00 0 
7f9204000000-7f9204021000 rw-p 00000000 00:00 0 
7f9204021000-7f9208000000 ---p 00000000 00:00 0 
7f9208000000-7f9208021000 rw-p 00000000 00:00 0 
7f9208021000-7f920c000000 ---p 00000000 00:00 0 
7f920c000000-7f920c02d000 rw-p 00000000 00:00 0 
7f920c02d000-7f9210000000 ---p 00000000 00:00 0 
7f9210000000-7f9210021000 rw-p 00000000 00:00 0 
7f9210021000-7f9214000000 ---p 00000000 00:00 0 
7f9214000000-7f921427e000 rw-p 00000000 00:00 0 
7f921427e000-7f9218000000 ---p 00000000 00:00 0 
7f9218000000-7f9218021000 rw-p 00000000 00:00 0 
7f9218021000-7f921c000000 ---p 00000000 00:00 0 
7f921c000000-7f921c021000 rw-p 00000000 00:00 0 
7f921c021000-7f9220000000 ---p 00000000 00:00 0 
7f9220000000-7f9221161000 rw-p 00000000 00:00 0 
7f9221161000-7f9224000000 ---p 00000000 00:00 0 
7f9224000000-7f922402c000 rw-p 00000000 00:00 0 
7f922402c000-7f9228000000 ---p 00000000 00:00 0 
7f9228000000-7f9228021000 rw-p 00000000 00:00 0 
7f9228021000-7f922c000000 ---p 00000000 00:00 0 
7f922dedf000-7f922dee2000 ---p 00000000 00:00 0 
7f922dee2000-7f922dfe0000 rw-p 00000000 00:00 0 
7f922dfe0000-7f922dfe3000 ---p 00000000 00:00 0 
7f922dfe3000-7f922e0e1000 rw-p 00000000 00:00 0 
7f922e0e1000-7f922e0e4000 ---p 00000000 00:00 0 
7f922e0e4000-7f922e1e2000 rw-p 00000000 00:00 0 
7f922e1e2000-7f922e1e5000 ---p 00000000 00:00 0 
7f922e1e5000-7f922e363000 rw-p 00000000 00:00 0 
7f922e363000-7f922e4e3000 ---p 00000000 00:00 0 
7f922e4e3000-7f922e6e3000 rw-p 00000000 00:00 0 
7f922e6e3000-7f922e6e6000 ---p 00000000 00:00 0 
7f922e6e6000-7f922e9e4000 rw-p 00000000 00:00 0 
7f922e9e4000-7f922ebe4000 rw-p 00000000 00:00 0 
7f922ebe4000-7f922ede4000 rw-p 00000000 00:00 0 
7f922ede4000-7f922efe4000 rw-p 00000000 00:00 0 
7f922efee000-7f922f1ee000 rw-p 00000000 00:00 0 
7f922f1ee000-7f922f309000 r--s 02008000 08:06 155390                     /home/aheat/.gradle/caches/jars-3/9955734f77abc673a38c7cd4c0214af5/android.jar
7f922f309000-7f922f310000 r--s 0002a000 08:06 154637                     /home/aheat/.gradle/caches/jars-3/fff47aec37b967e571b648d1fc9c6db6/gradle-messaging-3.5.jar
7f922f310000-7f922f315000 r--s 00041000 08:06 154635                     /home/aheat/.gradle/caches/jars-3/c0502f5c2cf6dfd52d250e1b7d027d24/commons-lang-2.6.jar
7f922f315000-7f922f357000 r--s 00220000 08:06 154633                     /home/aheat/.gradle/caches/jars-3/929747bc6b973b44297e9c57df71598d/gradle-core-3.5.jar
7f922f357000-7f922f37f000 r--s 001cf000 08:06 154629                     /home/aheat/.gradle/caches/jars-3/566e7e0f530f75a42eba4833ef84d88c/guava-jdk5-17.0.jar
7f922f37f000-7f922f3f8000 r--s 010fd000 08:06 957716                     /opt/android-studio/jre/lib/tools.jar
7f922f3f8000-7f922f3fb000 ---p 00000000 00:00 0 
7f922f3fb000-7f922f6f9000 rw-p 00000000 00:00 0 
7f922f6f9000-7f922f6fc000 ---p 00000000 00:00 0 
7f922f6fc000-7f922f7fa000 rw-p 00000000 00:00 0 
7f922f7fa000-7f922f7fd000 ---p 00000000 00:00 0 
7f922f7fd000-7f922fafb000 rw-p 00000000 00:00 0 
7f922fafb000-7f922fafe000 ---p 00000000 00:00 0 
7f922fafe000-7f922fbfc000 rw-p 00000000 00:00 0 
7f922fbfc000-7f922fbff000 ---p 00000000 00:00 0 
7f922fbff000-7f922fcfd000 rw-p 00000000 00:00 0 
7f922fcfd000-7f922fd00000 ---p 00000000 00:00 0 
7f922fd00000-7f922fdfe000 rw-p 00000000 00:00 0 
7f922fdfe000-7f922fe01000 ---p 00000000 00:00 0 
7f922fe01000-7f922feff000 rw-p 00000000 00:00 0 
7f922feff000-7f922ff02000 ---p 00000000 00:00 0 
7f922ff02000-7f9230000000 rw-p 00000000 00:00 0 
7f9230000000-7f9230078000 rw-p 00000000 00:00 0 
7f9230078000-7f9234000000 ---p 00000000 00:00 0 
7f9234000000-7f9234021000 rw-p 00000000 00:00 0 
7f9234021000-7f9238000000 ---p 00000000 00:00 0 
7f9238000000-7f9238021000 rw-p 00000000 00:00 0 
7f9238021000-7f923c000000 ---p 00000000 00:00 0 
7f923c000000-7f923c021000 rw-p 00000000 00:00 0 
7f923c021000-7f9240000000 ---p 00000000 00:00 0 
7f9240000000-7f9241786000 rw-p 00000000 00:00 0 
7f9241786000-7f9244000000 ---p 00000000 00:00 0 
7f9244000000-7f9244caa000 rw-p 00000000 00:00 0 
7f9244caa000-7f9248000000 ---p 00000000 00:00 0 
7f9248000000-7f9248021000 rw-p 00000000 00:00 0 
7f9248021000-7f924c000000 ---p 00000000 00:00 0 
7f924c000000-7f924dcc7000 rw-p 00000000 00:00 0 
7f924dcc7000-7f9250000000 ---p 00000000 00:00 0 
7f9250000000-7f9250021000 rw-p 00000000 00:00 0 
7f9250021000-7f9254000000 ---p 00000000 00:00 0 
7f9254000000-7f9254021000 rw-p 00000000 00:00 0 
7f9254021000-7f9258000000 ---p 00000000 00:00 0 
7f9258000000-7f9258281000 rw-p 00000000 00:00 0 
7f9258281000-7f925c000000 ---p 00000000 00:00 0 
7f925c000000-7f925c021000 rw-p 00000000 00:00 0 
7f925c021000-7f9260000000 ---p 00000000 00:00 0 
7f9260004000-7f926000d000 r--s 00047000 08:06 154631                     /home/aheat/.gradle/caches/jars-3/11d06a5dce89fe5632250b7df00a3d57/gradle-base-services-3.5.jar
7f926000d000-7f926001b000 r--s 00043000 08:06 154627                     /home/aheat/.gradle/caches/jars-3/c0d1da18a547ef3a2ba66d3068ae6e09/gradle-tooling-api-3.5.jar
7f926001b000-7f926001e000 ---p 00000000 00:00 0 
7f926001e000-7f926011c000 rw-p 00000000 00:00 0 
7f926011c000-7f926011f000 ---p 00000000 00:00 0 
7f926011f000-7f926021d000 rw-p 00000000 00:00 0 
7f926021d000-7f9260224000 r--s 00000000 08:06 136305                     /usr/lib/x86_64-linux-gnu/gconv/gconv-modules.cache
7f9260224000-7f9260227000 ---p 00000000 00:00 0 
7f9260227000-7f9260325000 rw-p 00000000 00:00 0 
7f9260325000-7f926032a000 r--s 0009a000 08:06 957841                     /opt/android-studio/jre/jre/lib/jsse.jar
7f926032a000-7f926052a000 rw-p 00000000 00:00 0 
7f926052a000-7f9260533000 r-xp 00000000 08:06 957794                     /opt/android-studio/jre/jre/lib/amd64/libmanagement.so
7f9260533000-7f9260732000 ---p 00009000 08:06 957794                     /opt/android-studio/jre/jre/lib/amd64/libmanagement.so
7f9260732000-7f9260733000 r--p 00008000 08:06 957794                     /opt/android-studio/jre/jre/lib/amd64/libmanagement.so
7f9260733000-7f9260734000 rw-p 00009000 08:06 957794                     /opt/android-studio/jre/jre/lib/amd64/libmanagement.so
7f9260734000-7f9260736000 r--s 00007000 08:06 421766                     /home/aheat/.gradle/wrapper/dists/gradle-4.1-all/bzyivzo6n839fup2jbap0tjew/gradle-4.1/lib/plugins/gradle-tooling-api-builders-4.1.jar
7f9260736000-7f9260739000 r--s 00009000 08:06 421776                     /home/aheat/.gradle/wrapper/dists/gradle-4.1-all/bzyivzo6n839fup2jbap0tjew/gradle-4.1/lib/plugins/gradle-testing-native-4.1.jar
7f9260739000-7f926073b000 r--s 00009000 08:06 421849                     /home/aheat/.gradle/wrapper/dists/gradle-4.1-all/bzyivzo6n839fup2jbap0tjew/gradle-4.1/lib/plugins/hamcrest-core-1.3.jar
7f926073b000-7f9260740000 r--s 00040000 08:06 421844                     /home/aheat/.gradle/wrapper/dists/gradle-4.1-all/bzyivzo6n839fup2jbap0tjew/gradle-4.1/lib/plugins/bsh-2.0b4.jar
7f9260740000-7f9260742000 r--s 00006000 08:06 421845                     /home/aheat/.gradle/wrapper/dists/gradle-4.1-all/bzyivzo6n839fup2jbap0tjew/gradle-4.1/lib/plugins/jcommander-1.12.jar
7f9260742000-7f9260748000 r--s 00033000 08:06 421846                     /home/aheat/.gradle/wrapper/dists/gradle-4.1-all/bzyivzo6n839fup2jbap0tjew/gradle-4.1/lib/plugins/snakeyaml-1.6.jar
7f9260748000-7f9260751000 r--s 00089000 08:06 421804                     /home/aheat/.gradle/wrapper/dists/gradle-4.1-all/bzyivzo6n839fup2jbap0tjew/gradle-4.1/lib/plugins/testng-6.3.1.jar
7f9260751000-7f9260759000 r--s 00045000 08:06 421805                     /home/aheat/.gradle/wrapper/dists/gradle-4.1-all/bzyivzo6n839fup2jbap0tjew/gradle-4.1/lib/plugins/junit-4.12.jar
7f9260759000-7f926075f000 r--s 0002e000 08:06 421772                     /home/aheat/.gradle/wrapper/dists/gradle-4.1-all/bzyivzo6n839fup2jbap0tjew/gradle-4.1/lib/plugins/gradle-testing-jvm-4.1.jar
7f926075f000-7f9260763000 r--s 00017000 08:06 421780                     /home/aheat/.gradle/wrapper/dists/gradle-4.1-all/bzyivzo6n839fup2jbap0tjew/gradle-4.1/lib/plugins/gradle-testing-base-4.1.jar
7f9260763000-7f926076a000 r--s 00038000 08:06 421800                     /home/aheat/.gradle/wrapper/dists/gradle-4.1-all/bzyivzo6n839fup2jbap0tjew/gradle-4.1/lib/plugins/bcpg-jdk15on-1.51.jar
7f926076a000-7f926076c000 r--s 0000c000 08:06 421751                     /home/aheat/.gradle/wrapper/dists/gradle-4.1-all/bzyivzo6n839fup2jbap0tjew/gradle-4.1/lib/plugins/gradle-signing-4.1.jar
7f926076c000-7f926076e000 r--s 00007000 08:06 421757                     /home/aheat/.gradle/wrapper/dists/gradle-4.1-all/bzyivzo6n839fup2jbap0tjew/gradle-4.1/lib/plugins/gradle-scala-4.1.jar
7f926076e000-7f926076f000 r--s 00004000 08:06 421788                     /home/aheat/.gradle/wrapper/dists/gradle-4.1-all/bzyivzo6n839fup2jbap0tjew/gradle-4.1/lib/plugins/gradle-resources-sftp-4.1.jar
7f926076f000-7f926077f000 r--s 00088000 08:06 421817                     /home/aheat/.gradle/wrapper/dists/gradle-4.1-all/bzyivzo6n839fup2jbap0tjew/gradle-4.1/lib/plugins/joda-time-2.8.2.jar
7f926077f000-7f9260790000 r--s 0010d000 08:06 421816                     /home/aheat/.gradle/wrapper/dists/gradle-4.1-all/bzyivzo6n839fup2jbap0tjew/gradle-4.1/lib/plugins/jackson-databind-2.6.6.jar
7f9260790000-7f9260793000 r--s 00009000 08:06 421815                     /home/aheat/.gradle/wrapper/dists/gradle-4.1-all/bzyivzo6n839fup2jbap0tjew/gradle-4.1/lib/plugins/jackson-annotations-2.6.6.jar
7f9260793000-7f9260797000 r--s 0003c000 08:06 421814                     /home/aheat/.gradle/wrapper/dists/gradle-4.1-all/bzyivzo6n839fup2jbap0tjew/gradle-4.1/lib/plugins/jackson-core-2.6.6.jar
7f9260797000-7f92607a5000 r--s 00087000 08:06 421813                     /home/aheat/.gradle/wrapper/dists/gradle-4.1-all/bzyivzo6n839fup2jbap0tjew/gradle-4.1/lib/plugins/aws-java-sdk-core-1.11.6.jar
7f92607a5000-7f92607ac000 r--s 00057000 08:06 421812                     /home/aheat/.gradle/wrapper/dists/gradle-4.1-all/bzyivzo6n839fup2jbap0tjew/gradle-4.1/lib/plugins/aws-java-sdk-kms-1.11.6.jar
7f92607ac000-7f92607b9000 r--s 0008e000 08:06 421811                     /home/aheat/.gradle/wrapper/dists/gradle-4.1-all/bzyivzo6n839fup2jbap0tjew/gradle-4.1/lib/plugins/aws-java-sdk-s3-1.11.6.jar
7f92607b9000-7f92607bb000 r--s 00004000 08:06 421785                     /home/aheat/.gradle/wrapper/dists/gradle-4.1-all/bzyivzo6n839fup2jbap0tjew/gradle-4.1/lib/plugins/gradle-resources-s3-4.1.jar
7f92607bb000-7f92607bd000 r--s 00010000 08:06 421781                     /home/aheat/.gradle/wrapper/dists/gradle-4.1-all/bzyivzo6n839fup2jbap0tjew/gradle-4.1/lib/plugins/gradle-reporting-4.1.jar
7f92607bd000-7f92607bf000 r--s 00002000 08:06 421782                     /home/aheat/.gradle/wrapper/dists/gradle-4.1-all/bzyivzo6n839fup2jbap0tjew/gradle-4.1/lib/plugins/gradle-publish-4.1.jar
7f92607bf000-7f92607c1000 r--s 00009000 08:06 421793                     /home/aheat/.gradle/wrapper/dists/gradle-4.1-all/bzyivzo6n839fup2jbap0tjew/gradle-4.1/lib/plugins/commons-cli-1.2.jar
7f92607c1000-7f92607c7000 r--s 00036000 08:06 421765                     /home/aheat/.gradle/wrapper/dists/gradle-4.1-all/bzyivzo6n839fup2jbap0tjew/gradle-4.1/lib/plugins/gradle-plugins-4.1.jar
7f92607c7000-7f92607c9000 r--s 00009000 08:06 421752                     /home/aheat/.gradle/wrapper/dists/gradle-4.1-all/bzyivzo6n839fup2jbap0tjew/gradle-4.1/lib/plugins/gradle-plugin-development-4.1.jar
7f92607c9000-7f92607cf000 r--s 0002b000 08:06 421760                     /home/aheat/.gradle/wrapper/dists/gradle-4.1-all/bzyivzo6n839fup2jbap0tjew/gradle-4.1/lib/plugins/gradle-platform-play-4.1.jar
7f92607cf000-7f92607de000 r--s 0005b000 08:06 421778                     /home/aheat/.gradle/wrapper/dists/gradle-4.1-all/bzyivzo6n839fup2jbap0tjew/gradle-4.1/lib/plugins/gradle-platform-native-4.1.jar
7f92607de000-7f92607e2000 r--s 0001b000 08:06 421775                     /home/aheat/.gradle/wrapper/dists/gradle-4.1-all/bzyivzo6n839fup2jbap0tjew/gradle-4.1/lib/plugins/gradle-platform-jvm-4.1.jar
7f92607e2000-7f92607ea000 r--s 00027000 08:06 421783                     /home/aheat/.gradle/wrapper/dists/gradle-4.1-all/bzyivzo6n839fup2jbap0tjew/gradle-4.1/lib/plugins/gradle-platform-base-4.1.jar
7f92607ea000-7f9260812000 r--s 0021c000 08:06 421794                     /home/aheat/.gradle/wrapper/dists/gradle-4.1-all/bzyivzo6n839fup2jbap0tjew/gradle-4.1/lib/plugins/biz.aQute.bndlib-3.2.0.jar
7f9260812000-7f9260813000 r--s 00004000 08:06 421750                     /home/aheat/.gradle/wrapper/dists/gradle-4.1-all/bzyivzo6n839fup2jbap0tjew/gradle-4.1/lib/plugins/gradle-osgi-4.1.jar
7f9260813000-7f9260816000 r--s 0000c000 08:06 421797                     /home/aheat/.gradle/wrapper/dists/gradle-4.1-all/bzyivzo6n839fup2jbap0tjew/gradle-4.1/lib/plugins/pmaven-groovy-0.8-20100325.jar
7f9260816000-7f9260817000 r--s 00004000 08:06 421796                     /home/aheat/.gradle/wrapper/dists/gradle-4.1-all/bzyivzo6n839fup2jbap0tjew/gradle-4.1/lib/plugins/pmaven-common-0.8-20100325.jar
7f9260817000-7f926081d000 r--s 00023000 08:06 421753                     /home/aheat/.gradle/wrapper/dists/gradle-4.1-all/bzyivzo6n839fup2jbap0tjew/gradle-4.1/lib/plugins/gradle-maven-4.1.jar
7f926081d000-7f9260820000 r--s 0000b000 08:06 421771                     /home/aheat/.gradle/wrapper/dists/gradle-4.1-all/bzyivzo6n839fup2jbap0tjew/gradle-4.1/lib/plugins/gradle-language-scala-4.1.jar
7f9260820000-7f9260827000 r--s 00020000 08:06 421777                     /home/aheat/.gradle/wrapper/dists/gradle-4.1-all/bzyivzo6n839fup2jbap0tjew/gradle-4.1/lib/plugins/gradle-language-native-4.1.jar
7f9260827000-7f9260829000 r--s 00005000 08:06 421774                     /home/aheat/.gradle/wrapper/dists/gradle-4.1-all/bzyivzo6n839fup2jbap0tjew/gradle-4.1/lib/plugins/gradle-language-jvm-4.1.jar
7f9260829000-7f9260830000 r--s 0002f000 08:06 421773                     /home/aheat/.gradle/wrapper/dists/gradle-4.1-all/bzyivzo6n839fup2jbap0tjew/gradle-4.1/lib/plugins/gradle-language-java-4.1.jar
7f9260830000-7f9260833000 r--s 0000a000 08:06 421770                     /home/aheat/.gradle/wrapper/dists/gradle-4.1-all/bzyivzo6n839fup2jbap0tjew/gradle-4.1/lib/plugins/gradle-language-groovy-4.1.jar
7f9260833000-7f926083a000 r--s 00035000 08:06 421803                     /home/aheat/.gradle/wrapper/dists/gradle-4.1-all/bzyivzo6n839fup2jbap0tjew/gradle-4.1/lib/plugins/simple-4.1.21.jar
7f926083a000-7f9260846000 r--s 00100000 08:06 421801                     /home/aheat/.gradle/wrapper/dists/gradle-4.1-all/bzyivzo6n839fup2jbap0tjew/gradle-4.1/lib/plugins/rhino-1.7R3.jar
7f9260846000-7f926084a000 r--s 00012000 08:06 421761                     /home/aheat/.gradle/wrapper/dists/gradle-4.1-all/bzyivzo6n839fup2jbap0tjew/gradle-4.1/lib/plugins/gradle-javascript-4.1.jar
7f926084a000-7f926084d000 r--s 00011000 08:06 421763                     /home/aheat/.gradle/wrapper/dists/gradle-4.1-all/bzyivzo6n839fup2jbap0tjew/gradle-4.1/lib/plugins/gradle-jacoco-4.1.jar
7f926084d000-7f9260850000 r--s 0000e000 08:06 421762                     /home/aheat/.gradle/wrapper/dists/gradle-4.1-all/bzyivzo6n839fup2jbap0tjew/gradle-4.1/lib/plugins/gradle-ivy-4.1.jar
7f9260850000-7f9260851000 r--s 00002000 08:06 421754                     /home/aheat/.gradle/wrapper/dists/gradle-4.1-all/bzyivzo6n839fup2jbap0tjew/gradle-4.1/lib/plugins/gradle-ide-play-4.1.jar
7f9260851000-7f9260854000 r--s 00013000 08:06 421755                     /home/aheat/.gradle/wrapper/dists/gradle-4.1-all/bzyivzo6n839fup2jbap0tjew/gradle-4.1/lib/plugins/gradle-ide-native-4.1.jar
7f9260854000-7f926085e000 r--s 00054000 08:06 421756                     /home/aheat/.gradle/wrapper/dists/gradle-4.1-all/bzyivzo6n839fup2jbap0tjew/gradle-4.1/lib/plugins/gradle-ide-4.1.jar
7f926085e000-7f9260860000 r--s 00007000 08:06 421759                     /home/aheat/.gradle/wrapper/dists/gradle-4.1-all/bzyivzo6n839fup2jbap0tjew/gradle-4.1/lib/plugins/gradle-ear-4.1.jar
7f9260860000-7f9260862000 r--s 00005000 08:06 421791                     /home/aheat/.gradle/wrapper/dists/gradle-4.1-all/bzyivzo6n839fup2jbap0tjew/gradle-4.1/lib/plugins/jatl-0.2.2.jar
7f9260862000-7f9260869000 r--s 00038000 08:06 421779                     /home/aheat/.gradle/wrapper/dists/gradle-4.1-all/bzyivzo6n839fup2jbap0tjew/gradle-4.1/lib/plugins/gradle-diagnostics-4.1.jar
7f9260869000-7f926086b000 r--s 0000b000 08:06 421768                     /home/aheat/.gradle/wrapper/dists/gradle-4.1-all/bzyivzo6n839fup2jbap0tjew/gradle-4.1/lib/plugins/gradle-composite-builds-4.1.jar
7f926086b000-7f9260870000 r--s 00025000 08:06 421748                     /home/aheat/.gradle/wrapper/dists/gradle-4.1-all/bzyivzo6n839fup2jbap0tjew/gradle-4.1/lib/plugins/gradle-code-quality-4.1.jar
7f9260870000-7f9260875000 r--s 00022000 08:06 421764                     /home/aheat/.gradle/wrapper/dists/gradle-4.1-all/bzyivzo6n839fup2jbap0tjew/gradle-4.1/lib/plugins/gradle-build-init-4.1.jar
7f9260875000-7f926087b000 r--s 0008e000 08:06 421758                     /home/aheat/.gradle/wrapper/dists/gradle-4.1-all/bzyivzo6n839fup2jbap0tjew/gradle-4.1/lib/plugins/gradle-build-comparison-4.1.jar
7f926087b000-7f926087c000 r--s 00002000 08:06 421786                     /home/aheat/.gradle/wrapper/dists/gradle-4.1-all/bzyivzo6n839fup2jbap0tjew/gradle-4.1/lib/plugins/gradle-build-cache-http-4.1.jar
7f926087c000-7f926087e000 r--s 00008000 08:06 421749                     /home/aheat/.gradle/wrapper/dists/gradle-4.1-all/bzyivzo6n839fup2jbap0tjew/gradle-4.1/lib/plugins/gradle-antlr-4.1.jar
7f926087e000-7f9260880000 r--s 00004000 08:06 421769                     /home/aheat/.gradle/wrapper/dists/gradle-4.1-all/bzyivzo6n839fup2jbap0tjew/gradle-4.1/lib/plugins/gradle-announce-4.1.jar
7f9260880000-7f9260882000 r--s 00008000 08:06 417898                     /home/aheat/.gradle/wrapper/dists/gradle-4.1-all/bzyivzo6n839fup2jbap0tjew/gradle-4.1/lib/gradle-kotlin-dsl-tooling-builders-0.10.3.jar
7f9260882000-7f9260885000 r--s 0001c000 08:06 421807                     /home/aheat/.gradle/wrapper/dists/gradle-4.1-all/bzyivzo6n839fup2jbap0tjew/gradle-4.1/lib/plugins/nekohtml-1.9.14.jar
7f9260885000-7f926088d000 r--s 00028000 08:06 421848                     /home/aheat/.gradle/wrapper/dists/gradle-4.1-all/bzyivzo6n839fup2jbap0tjew/gradle-4.1/lib/plugins/xml-apis-1.3.04.jar
7f926088d000-7f92608a5000 r--s 00115000 08:06 421808                     /home/aheat/.gradle/wrapper/dists/gradle-4.1-all/bzyivzo6n839fup2jbap0tjew/gradle-4.1/lib/plugins/xercesImpl-2.9.1.jar
7f92608a5000-7f92608ab000 r--s 0005b000 08:06 421806                     /home/aheat/.gradle/wrapper/dists/gradle-4.1-all/bzyivzo6n839fup2jbap0tjew/gradle-4.1/lib/plugins/jcifs-1.3.17.jar
7f92608ab000-7f92608b2000 r--s 00049000 08:06 421847                     /home/aheat/.gradle/wrapper/dists/gradle-4.1-all/bzyivzo6n839fup2jbap0tjew/gradle-4.1/lib/plugins/httpcore-4.4.4.jar
7f92608b2000-7f92608b8000 r--s 00033000 08:06 421799                     /home/aheat/.gradle/wrapper/dists/gradle-4.1-all/bzyivzo6n839fup2jbap0tjew/gradle-4.1/lib/plugins/commons-codec-1.6.jar
7f92608b8000-7f92608c5000 r--s 000a4000 08:06 421792                     /home/aheat/.gradle/wrapper/dists/gradle-4.1-all/bzyivzo6n839fup2jbap0tjew/gradle-4.1/lib/plugins/httpclient-4.4.1.jar
7f92608c5000-7f92608c7000 r--s 0000b000 08:06 421787                     /home/aheat/.gradle/wrapper/dists/gradle-4.1-all/bzyivzo6n839fup2jbap0tjew/gradle-4.1/lib/plugins/gradle-resources-http-4.1.jar
7f92608c7000-7f92608cb000 r--s 00017000 08:06 421784                     /home/aheat/.gradle/wrapper/dists/gradle-4.1-all/bzyivzo6n839fup2jbap0tjew/gradle-4.1/lib/plugins/gradle-plugin-use-4.1.jar
7f92608cb000-7f92608cc000 r--s 00000000 08:06 421648                     /home/aheat/.gradle/wrapper/dists/gradle-4.1-all/bzyivzo6n839fup2jbap0tjew/gradle-4.1/lib/gradle-runtime-api-info-4.1.jar
7f92608cc000-7f92608cd000 r--s 00000000 08:06 421651                     /home/aheat/.gradle/wrapper/dists/gradle-4.1-all/bzyivzo6n839fup2jbap0tjew/gradle-4.1/lib/gradle-installation-beacon-4.1.jar
7f92608cd000-7f926090d000 r--s 00277000 08:06 421819                     /home/aheat/.gradle/wrapper/dists/gradle-4.1-all/bzyivzo6n839fup2jbap0tjew/gradle-4.1/lib/plugins/bcprov-jdk15on-1.51.jar
7f926090d000-7f9260911000 r--s 0001d000 08:06 421818                     /home/aheat/.gradle/wrapper/dists/gradle-4.1-all/bzyivzo6n839fup2jbap0tjew/gradle-4.1/lib/plugins/xbean-reflect-3.4.jar
7f9260911000-7f9260913000 r--s 0000a000 08:06 421820                     /home/aheat/.gradle/wrapper/dists/gradle-4.1-all/bzyivzo6n839fup2jbap0tjew/gradle-4.1/lib/plugins/maven-settings-3.0.4.jar
7f9260913000-7f9260916000 r--s 00008000 08:06 421821                     /home/aheat/.gradle/wrapper/dists/gradle-4.1-all/bzyivzo6n839fup2jbap0tjew/gradle-4.1/lib/plugins/maven-settings-builder-3.0.4.jar
7f9260916000-7f926091a000 r--s 00033000 08:06 421822                     /home/aheat/.gradle/wrapper/dists/gradle-4.1-all/bzyivzo6n839fup2jbap0tjew/gradle-4.1/lib/plugins/plexus-utils-2.0.6.jar
7f926091a000-7f926091c000 r--s 0000d000 08:06 421823                     /home/aheat/.gradle/wrapper/dists/gradle-4.1-all/bzyivzo6n839fup2jbap0tjew/gradle-4.1/lib/plugins/plexus-interpolation-1.14.jar
7f926091c000-7f926091e000 r--s 00000000 08:06 421798                     /home/aheat/.gradle/wrapper/dists/gradle-4.1-all/bzyivzo6n839fup2jbap0tjew/gradle-4.1/lib/plugins/plexus-component-annotations-1.5.5.jar
7f926091e000-7f9260925000 r--s 0002e000 08:06 421824                     /home/aheat/.gradle/wrapper/dists/gradle-4.1-all/bzyivzo6n839fup2jbap0tjew/gradle-4.1/lib/plugins/plexus-container-default-1.5.5.jar
7f9260925000-7f9260927000 r--s 0000a000 08:06 421825                     /home/aheat/.gradle/wrapper/dists/gradle-4.1-all/bzyivzo6n839fup2jbap0tjew/gradle-4.1/lib/plugins/plexus-classworlds-2.4.jar
7f9260927000-7f9260929000 r--s 00002000 08:06 421826                     /home/aheat/.gradle/wrapper/dists/gradle-4.1-all/bzyivzo6n839fup2jbap0tjew/gradle-4.1/lib/plugins/plexus-cipher-1.7.jar
7f9260929000-7f926092a000 r--s 00006000 08:06 421827                     /home/aheat/.gradle/wrapper/dists/gradle-4.1-all/bzyivzo6n839fup2jbap0tjew/gradle-4.1/lib/plugins/plexus-sec-dispatcher-1.3.jar
7f926092a000-7f9260930000 r--s 0003f000 08:06 421828                     /home/aheat/.gradle/wrapper/dists/gradle-4.1-all/bzyivzo6n839fup2jbap0tjew/gradle-4.1/lib/plugins/maven-compat-3.0.4.jar
7f9260930000-7f9260934000 r--s 00021000 08:06 421829                     /home/aheat/.gradle/wrapper/dists/gradle-4.1-all/bzyivzo6n839fup2jbap0tjew/gradle-4.1/lib/plugins/maven-model-builder-3.0.4.jar
7f9260934000-7f9260936000 r--s 00026000 08:06 421830                     /home/aheat/.gradle/wrapper/dists/gradle-4.1-all/bzyivzo6n839fup2jbap0tjew/gradle-4.1/lib/plugins/maven-model-3.0.4.jar
7f9260936000-7f9260938000 r--s 0000b000 08:06 421831                     /home/aheat/.gradle/wrapper/dists/gradle-4.1-all/bzyivzo6n839fup2jbap0tjew/gradle-4.1/lib/plugins/maven-artifact-3.0.4.jar
7f9260938000-7f926093a000 r--s 00006000 08:06 421832                     /home/aheat/.gradle/wrapper/dists/gradle-4.1-all/bzyivzo6n839fup2jbap0tjew/gradle-4.1/lib/plugins/maven-repository-metadata-3.0.4.jar
7f926093a000-7f926093c000 r--s 0000b000 08:06 421833                     /home/aheat/.gradle/wrapper/dists/gradle-4.1-all/bzyivzo6n839fup2jbap0tjew/gradle-4.1/lib/plugins/maven-plugin-api-3.0.4.jar
7f926093c000-7f926093e000 r--s 0000c000 08:06 421834                     /home/aheat/.gradle/wrapper/dists/gradle-4.1-all/bzyivzo6n839fup2jbap0tjew/gradle-4.1/lib/plugins/maven-aether-provider-3.0.4.jar
7f926093e000-7f926093f000 r--s 00002000 08:06 421835                     /home/aheat/.gradle/wrapper/dists/gradle-4.1-all/bzyivzo6n839fup2jbap0tjew/gradle-4.1/lib/plugins/wagon-file-2.4.jar
7f926093f000-7f9260940000 r--s 00002000 08:06 421836                     /home/aheat/.gradle/wrapper/dists/gradle-4.1-all/bzyivzo6n839fup2jbap0tjew/gradle-4.1/lib/plugins/wagon-http-2.4.jar
7f9260940000-7f9260942000 r--s 0000b000 08:06 421837                     /home/aheat/.gradle/wrapper/dists/gradle-4.1-all/bzyivzo6n839fup2jbap0tjew/gradle-4.1/lib/plugins/wagon-provider-api-2.4.jar
7f9260942000-7f9260943000 r--s 00007000 08:06 421838                     /home/aheat/.gradle/wrapper/dists/gradle-4.1-all/bzyivzo6n839fup2jbap0tjew/gradle-4.1/lib/plugins/wagon-http-shared4-2.4.jar
7f9260943000-7f9260946000 r--s 00013000 08:06 421839                     /home/aheat/.gradle/wrapper/dists/gradle-4.1-all/bzyivzo6n839fup2jbap0tjew/gradle-4.1/lib/plugins/aether-api-1.13.1.jar
7f9260946000-7f9260949000 r--s 0001d000 08:06 421840                     /home/aheat/.gradle/wrapper/dists/gradle-4.1-all/bzyivzo6n839fup2jbap0tjew/gradle-4.1/lib/plugins/aether-impl-1.13.1.jar
7f9260949000-7f926094a000 r--s 00003000 08:06 421841                     /home/aheat/.gradle/wrapper/dists/gradle-4.1-all/bzyivzo6n839fup2jbap0tjew/gradle-4.1/lib/plugins/aether-spi-1.13.1.jar
7f926094a000-7f926094e000 r--s 0001c000 08:06 421842                     /home/aheat/.gradle/wrapper/dists/gradle-4.1-all/bzyivzo6n839fup2jbap0tjew/gradle-4.1/lib/plugins/aether-util-1.13.1.jar
7f926094e000-7f926095a000 r--s 0007d000 08:06 421795                     /home/aheat/.gradle/wrapper/dists/gradle-4.1-all/bzyivzo6n839fup2jbap0tjew/gradle-4.1/lib/plugins/maven-core-3.0.4.jar
7f926095a000-7f926095f000 r--s 00034000 08:06 421802                     /home/aheat/.gradle/wrapper/dists/gradle-4.1-all/bzyivzo6n839fup2jbap0tjew/gradle-4.1/lib/plugins/gson-2.7.jar
7f926095f000-7f9260983000 r--s 0011a000 08:06 421790                     /home/aheat/.gradle/wrapper/dists/gradle-4.1-all/bzyivzo6n839fup2jbap0tjew/gradle-4.1/lib/plugins/gradle-dependency-management-4.1.jar
7f9260983000-7f9260999000 r-xp 00000000 08:06 2102573                    /lib/x86_64-linux-gnu/libgcc_s.so.1
7f9260999000-7f9260b98000 ---p 00016000 08:06 2102573                    /lib/x86_64-linux-gnu/libgcc_s.so.1
7f9260b98000-7f9260b99000 rw-p 00015000 08:06 2102573                    /lib/x86_64-linux-gnu/libgcc_s.so.1
7f9260b99000-7f9260d0b000 r-xp 00000000 08:06 2370700                    /usr/lib/x86_64-linux-gnu/libstdc++.so.6.0.21
7f9260d0b000-7f9260f0b000 ---p 00172000 08:06 2370700                    /usr/lib/x86_64-linux-gnu/libstdc++.so.6.0.21
7f9260f0b000-7f9260f15000 r--p 00172000 08:06 2370700                    /usr/lib/x86_64-linux-gnu/libstdc++.so.6.0.21
7f9260f15000-7f9260f17000 rw-p 0017c000 08:06 2370700                    /usr/lib/x86_64-linux-gnu/libstdc++.so.6.0.21
7f9260f17000-7f9260f1b000 rw-p 00000000 00:00 0 
7f9260f1b000-7f9260f1d000 r--s 00006000 08:06 421843                     /home/aheat/.gradle/wrapper/dists/gradle-4.1-all/bzyivzo6n839fup2jbap0tjew/gradle-4.1/lib/plugins/aether-connector-wagon-1.13.1.jar
7f9260f1d000-7f9260f22000 r--s 00040000 08:06 421810                     /home/aheat/.gradle/wrapper/dists/gradle-4.1-all/bzyivzo6n839fup2jbap0tjew/gradle-4.1/lib/plugins/jsch-0.1.54.jar
7f9260f22000-7f9260f31000 r--s 000d9000 08:06 421809                     /home/aheat/.gradle/wrapper/dists/gradle-4.1-all/bzyivzo6n839fup2jbap0tjew/gradle-4.1/lib/plugins/ivy-2.2.0.jar
7f9260f31000-7f9260f34000 r--s 0000d000 08:06 421789                     /home/aheat/.gradle/wrapper/dists/gradle-4.1-all/bzyivzo6n839fup2jbap0tjew/gradle-4.1/lib/plugins/gradle-workers-4.1.jar
7f9260f34000-7f9260f39000 r-xp 00000000 08:06 154613                     /home/aheat/.gradle/native/25/linux-amd64/libnative-platform.so
7f9260f39000-7f9261138000 ---p 00005000 08:06 154613                     /home/aheat/.gradle/native/25/linux-amd64/libnative-platform.so
7f9261138000-7f9261139000 rw-p 00004000 08:06 154613                     /home/aheat/.gradle/native/25/linux-amd64/libnative-platform.so
7f9261139000-7f926114a000 r-xp 00000000 08:06 957786                     /opt/android-studio/jre/jre/lib/amd64/libnio.so
7f926114a000-7f9261349000 ---p 00011000 08:06 957786                     /opt/android-studio/jre/jre/lib/amd64/libnio.so
7f9261349000-7f926134a000 r--p 00010000 08:06 957786                     /opt/android-studio/jre/jre/lib/amd64/libnio.so
7f926134a000-7f926134b000 rw-p 00011000 08:06 957786                     /opt/android-studio/jre/jre/lib/amd64/libnio.so
7f926134b000-7f926164c000 rw-p 00000000 00:00 0 
7f926164c000-7f9261662000 r-xp 00000000 08:06 957788                     /opt/android-studio/jre/jre/lib/amd64/libnet.so
7f9261662000-7f9261862000 ---p 00016000 08:06 957788                     /opt/android-studio/jre/jre/lib/amd64/libnet.so
7f9261862000-7f9261863000 r--p 00016000 08:06 957788                     /opt/android-studio/jre/jre/lib/amd64/libnet.so
7f9261863000-7f9261864000 rw-p 00017000 08:06 957788                     /opt/android-studio/jre/jre/lib/amd64/libnet.so
7f9261864000-7f9261865000 r--s 00006000 08:06 421650                     /home/aheat/.gradle/wrapper/dists/gradle-4.1-all/bzyivzo6n839fup2jbap0tjew/gradle-4.1/lib/gradle-wrapper-4.1.jar
7f9261865000-7f9261872000 r--s 00043000 08:06 421649                     /home/aheat/.gradle/wrapper/dists/gradle-4.1-all/bzyivzo6n839fup2jbap0tjew/gradle-4.1/lib/gradle-tooling-api-4.1.jar
7f9261872000-7f9261881000 r--s 000c8000 08:06 421638                     /home/aheat/.gradle/wrapper/dists/gradle-4.1-all/bzyivzo6n839fup2jbap0tjew/gradle-4.1/lib/kotlin-stdlib-1.1.3-2.jar
7f9261881000-7f92618b3000 r--s 0021b000 08:06 421628                     /home/aheat/.gradle/wrapper/dists/gradle-4.1-all/bzyivzo6n839fup2jbap0tjew/gradle-4.1/lib/kotlin-reflect-1.1.3-2.jar
7f92618b3000-7f9261a6a000 r--s 01786000 08:06 421566                     /home/aheat/.gradle/wrapper/dists/gradle-4.1-all/bzyivzo6n839fup2jbap0tjew/gradle-4.1/lib/kotlin-compiler-embeddable-1.1.3-2.jar
7f9261a6a000-7f9261a6b000 r--s 00000000 08:06 417899                     /home/aheat/.gradle/wrapper/dists/gradle-4.1-all/bzyivzo6n839fup2jbap0tjew/gradle-4.1/lib/gradle-kotlin-dsl-tooling-models-0.10.3.jar
7f9261a6b000-7f9261a6c000 r--s 00001000 08:06 417897                     /home/aheat/.gradle/wrapper/dists/gradle-4.1-all/bzyivzo6n839fup2jbap0tjew/gradle-4.1/lib/gradle-kotlin-dsl-compiler-plugin-0.10.3.jar
7f9261a6c000-7f9261a6e000 r--s 00003000 08:06 417885                     /home/aheat/.gradle/wrapper/dists/gradle-4.1-all/bzyivzo6n839fup2jbap0tjew/gradle-4.1/lib/annotations-13.0.jar
7f9261a6e000-7f9261a78000 r--s 00073000 08:06 417895                     /home/aheat/.gradle/wrapper/dists/gradle-4.1-all/bzyivzo6n839fup2jbap0tjew/gradle-4.1/lib/gradle-kotlin-dsl-0.10.3.jar
7f9261a78000-7f9261a7d000 r--s 00013000 08:06 421662                     /home/aheat/.gradle/wrapper/dists/gradle-4.1-all/bzyivzo6n839fup2jbap0tjew/gradle-4.1/lib/gradle-resources-4.1.jar
7f9261a7d000-7f9261a7f000 r--s 00005000 08:06 421697                     /home/aheat/.gradle/wrapper/dists/gradle-4.1-all/bzyivzo6n839fup2jbap0tjew/gradle-4.1/lib/gradle-cli-4.1.jar
7f9261a7f000-7f9261a81000 r--s 00003000 08:06 421705                     /home/aheat/.gradle/wrapper/dists/gradle-4.1-all/bzyivzo6n839fup2jbap0tjew/gradle-4.1/lib/jcl-over-slf4j-1.7.10.jar
7f9261a81000-7f9261a82000 r--s 00005000 08:06 421704                     /home/aheat/.gradle/wrapper/dists/gradle-4.1-all/bzyivzo6n839fup2jbap0tjew/gradle-4.1/lib/log4j-over-slf4j-1.7.10.jar
7f9261a82000-7f9261a84000 r--s 00000000 08:06 421703                     /home/aheat/.gradle/wrapper/dists/gradle-4.1-all/bzyivzo6n839fup2jbap0tjew/gradle-4.1/lib/jul-to-slf4j-1.7.10.jar
7f9261a84000-7f9261a8b000 r--s 0002c000 08:06 421654                     /home/aheat/.gradle/wrapper/dists/gradle-4.1-all/bzyivzo6n839fup2jbap0tjew/gradle-4.1/lib/gradle-logging-4.1.jar
7f9261a8b000-7f9261a9b000 r--s 00082000 08:06 421669                     /home/aheat/.gradle/wrapper/dists/gradle-4.1-all/bzyivzo6n839fup2jbap0tjew/gradle-4.1/lib/gradle-model-core-4.1.jar
7f9261a9b000-7f9261a9d000 r--s 00006000 08:06 421670                     /home/aheat/.gradle/wrapper/dists/gradle-4.1-all/bzyivzo6n839fup2jbap0tjew/gradle-4.1/lib/gradle-base-services-groovy-4.1.jar
7f9261a9d000-7f9261a9f000 r--s 00007000 08:06 421668                     /home/aheat/.gradle/wrapper/dists/gradle-4.1-all/bzyivzo6n839fup2jbap0tjew/gradle-4.1/lib/gradle-model-groovy-4.1.jar
7f9261a9f000-7f9261aa0000 r--s 00002000 08:06 421722                     /home/aheat/.gradle/wrapper/dists/gradle-4.1-all/bzyivzo6n839fup2jbap0tjew/gradle-4.1/lib/gradle-docs-4.1.jar
7f9261aa0000-7f9261aad000 r--s 00083000 08:06 421714                     /home/aheat/.gradle/wrapper/dists/gradle-4.1-all/bzyivzo6n839fup2jbap0tjew/gradle-4.1/lib/commons-collections-3.2.2.jar
7f9261aad000-7f9261aae000 r--s 00000000 08:06 421713                     /home/aheat/.gradle/wrapper/dists/gradle-4.1-all/bzyivzo6n839fup2jbap0tjew/gradle-4.1/lib/javax.inject-1.jar
7f9261aae000-7f9261b1e000 r--s 00645000 08:06 421711                     /home/aheat/.gradle/wrapper/dists/gradle-4.1-all/bzyivzo6n839fup2jbap0tjew/gradle-4.1/lib/groovy-all-2.4.11.jar
7f9261b1e000-7f9261b21000 r--s 00023000 08:06 421723                     /home/aheat/.gradle/wrapper/dists/gradle-4.1-all/bzyivzo6n839fup2jbap0tjew/gradle-4.1/lib/jansi-1.14.jar
7f9261b21000-7f9261b22000 r--s 00004000 08:06 421725                     /home/aheat/.gradle/wrapper/dists/gradle-4.1-all/bzyivzo6n839fup2jbap0tjew/gradle-4.1/lib/native-platform-freebsd-amd64-libcpp-0.14.jar
7f9261b22000-7f9261b23000 r--s 00004000 08:06 421726                     /home/aheat/.gradle/wrapper/dists/gradle-4.1-all/bzyivzo6n839fup2jbap0tjew/gradle-4.1/lib/native-platform-freebsd-amd64-libstdcpp-0.14.jar
7f9261b23000-7f9261b24000 r--s 00004000 08:06 421727                     /home/aheat/.gradle/wrapper/dists/gradle-4.1-all/bzyivzo6n839fup2jbap0tjew/gradle-4.1/lib/native-platform-freebsd-i386-libcpp-0.14.jar
7f9261b24000-7f9261b25000 r--s 00003000 08:06 421728                     /home/aheat/.gradle/wrapper/dists/gradle-4.1-all/bzyivzo6n839fup2jbap0tjew/gradle-4.1/lib/native-platform-freebsd-i386-libstdcpp-0.14.jar
7f9261b25000-7f9261b26000 r--s 00002000 08:06 421729                     /home/aheat/.gradle/wrapper/dists/gradle-4.1-all/bzyivzo6n839fup2jbap0tjew/gradle-4.1/lib/native-platform-linux-amd64-0.14.jar
7f9261b26000-7f9261b27000 r--s 00002000 08:06 421730                     /home/aheat/.gradle/wrapper/dists/gradle-4.1-all/bzyivzo6n839fup2jbap0tjew/gradle-4.1/lib/native-platform-linux-i386-0.14.jar
7f9261b27000-7f9261b29000 r--s 00002000 08:06 421737                     /home/aheat/.gradle/wrapper/dists/gradle-4.1-all/bzyivzo6n839fup2jbap0tjew/gradle-4.1/lib/native-platform-osx-amd64-0.14.jar
7f9261b29000-7f9261b2a000 r--s 00003000 08:06 421738                     /home/aheat/.gradle/wrapper/dists/gradle-4.1-all/bzyivzo6n839fup2jbap0tjew/gradle-4.1/lib/native-platform-osx-i386-0.14.jar
7f9261b2a000-7f9261b2c000 r--s 0000b000 08:06 421739                     /home/aheat/.gradle/wrapper/dists/gradle-4.1-all/bzyivzo6n839fup2jbap0tjew/gradle-4.1/lib/native-platform-windows-amd64-0.14.jar
7f9261b2c000-7f9261b2d000 r--s 0000b000 08:06 421740                     /home/aheat/.gradle/wrapper/dists/gradle-4.1-all/bzyivzo6n839fup2jbap0tjew/gradle-4.1/lib/native-platform-windows-i386-0.14.jar
7f9261b2d000-7f9261b2e000 r--s 00001000 08:06 421741                     /home/aheat/.gradle/wrapper/dists/gradle-4.1-all/bzyivzo6n839fup2jbap0tjew/gradle-4.1/lib/native-platform-linux-amd64-ncurses5-0.14.jar
7f9261b2e000-7f9261b2f000 r--s 00001000 08:06 421742                     /home/aheat/.gradle/wrapper/dists/gradle-4.1-all/bzyivzo6n839fup2jbap0tjew/gradle-4.1/lib/native-platform-linux-amd64-ncurses6-0.14.jar
7f9261b2f000-7f9261b30000 r--s 00001000 08:06 421743                     /home/aheat/.gradle/wrapper/dists/gradle-4.1-all/bzyivzo6n839fup2jbap0tjew/gradle-4.1/lib/native-platform-linux-i386-ncurses5-0.14.jar
7f9261b30000-7f9261b34000 r--s 00012000 08:06 421715                     /home/aheat/.gradle/wrapper/dists/gradle-4.1-all/bzyivzo6n839fup2jbap0tjew/gradle-4.1/lib/native-platform-0.14.jar
7f9261b34000-7f9261b37000 r--s 0000c000 08:06 421666                     /home/aheat/.gradle/wrapper/dists/gradle-4.1-all/bzyivzo6n839fup2jbap0tjew/gradle-4.1/lib/gradle-native-4.1.jar
7f9261b37000-7f9261b39000 r--s 0000f000 08:06 421699                     /home/aheat/.gradle/wrapper/dists/gradle-4.1-all/bzyivzo6n839fup2jbap0tjew/gradle-4.1/lib/reflectasm-1.07-shaded.jar
7f9261b39000-7f9261b3b000 r--s 00000000 08:06 421745                     /home/aheat/.gradle/wrapper/dists/gradle-4.1-all/bzyivzo6n839fup2jbap0tjew/gradle-4.1/lib/minlog-1.2.jar
7f9261b3b000-7f9261b3f000 r--s 00026000 08:06 421698                     /home/aheat/.gradle/wrapper/dists/gradle-4.1-all/bzyivzo6n839fup2jbap0tjew/gradle-4.1/lib/kryo-2.20.jar
7f9261b3f000-7f9261b40000 ---p 00000000 00:00 0 
7f9261b40000-7f9261c40000 rw-p 00000000 00:00 0 
7f9261c40000-7f9261c43000 ---p 00000000 00:00 0 
7f9261c43000-7f9261d41000 rw-p 00000000 00:00 0 
7f9261d41000-7f9261d44000 ---p 00000000 00:00 0 
7f9261d44000-7f9261e42000 rw-p 00000000 00:00 0 
7f9261e42000-7f9261e45000 ---p 00000000 00:00 0 
7f9261e45000-7f9261f43000 rw-p 00000000 00:00 0 
7f9261f43000-7f9261f46000 ---p 00000000 00:00 0 
7f9261f46000-7f9262044000 rw-p 00000000 00:00 0 
7f9262044000-7f9262047000 ---p 00000000 00:00 0 
7f9262047000-7f9262145000 rw-p 00000000 00:00 0 
7f9262145000-7f926241e000 r--p 00000000 08:06 2367500                    /usr/lib/locale/locale-archive
7f926241e000-7f9262421000 ---p 00000000 00:00 0 
7f9262421000-7f926251f000 rw-p 00000000 00:00 0 
7f926251f000-7f9262522000 ---p 00000000 00:00 0 
7f9262522000-7f9262620000 rw-p 00000000 00:00 0 
7f9262620000-7f9262621000 ---p 00000000 00:00 0 
7f9262621000-7f9263630000 rw-p 00000000 00:00 0 
7f9263630000-7f9263800000 r--s 03c46000 08:06 957742                     /opt/android-studio/jre/jre/lib/rt.jar
7f9263800000-7f9264000000 rw-p 00000000 00:00 0 
7f9264000000-7f9264021000 rw-p 00000000 00:00 0 
7f9264021000-7f9268000000 ---p 00000000 00:00 0 
7f9268000000-7f9268039000 rw-p 00000000 00:00 0 
7f9268039000-7f926c000000 ---p 00000000 00:00 0 
7f926c000000-7f926c021000 rw-p 00000000 00:00 0 
7f926c021000-7f9270000000 ---p 00000000 00:00 0 
7f9270000000-7f9270001000 r--s 00001000 08:06 421744                     /home/aheat/.gradle/wrapper/dists/gradle-4.1-all/bzyivzo6n839fup2jbap0tjew/gradle-4.1/lib/native-platform-linux-i386-ncurses6-0.14.jar
7f9270001000-7f9270007000 r--s 0002b000 08:06 421695                     /home/aheat/.gradle/wrapper/dists/gradle-4.1-all/bzyivzo6n839fup2jbap0tjew/gradle-4.1/lib/gradle-messaging-4.1.jar
7f9270007000-7f927002f000 r--s 001cf000 08:06 421707                     /home/aheat/.gradle/wrapper/dists/gradle-4.1-all/bzyivzo6n839fup2jbap0tjew/gradle-4.1/lib/guava-jdk5-17.0.jar
7f927002f000-7f927004e000 r--s 001d1000 08:06 421712                     /home/aheat/.gradle/wrapper/dists/gradle-4.1-all/bzyivzo6n839fup2jbap0tjew/gradle-4.1/lib/ant-1.9.6.jar
7f927004e000-7f9270098000 r--s 00253000 08:06 421652                     /home/aheat/.gradle/wrapper/dists/gradle-4.1-all/bzyivzo6n839fup2jbap0tjew/gradle-4.1/lib/gradle-core-4.1.jar
7f9270098000-7f927349e000 rw-p 00000000 00:00 0 
7f927349e000-7f927349f000 ---p 00000000 00:00 0 
7f927349f000-7f927359f000 rw-p 00000000 00:00 0 
7f927359f000-7f92735a0000 ---p 00000000 00:00 0 
7f92735a0000-7f92736a0000 rw-p 00000000 00:00 0 
7f92736a0000-7f92736a1000 ---p 00000000 00:00 0 
7f92736a1000-7f92737a1000 rw-p 00000000 00:00 0 
7f92737a1000-7f92737a2000 ---p 00000000 00:00 0 
7f92737a2000-7f92738b1000 rw-p 00000000 00:00 0 
7f92738b1000-7f9273aa2000 ---p 00000000 00:00 0 
7f9273aa2000-7f9273ab1000 rw-p 00000000 00:00 0 
7f9273ab1000-7f9273ca2000 ---p 00000000 00:00 0 
7f9273ca2000-7f9273ce4000 rw-p 00000000 00:00 0 
7f9273ce4000-7f9273da2000 ---p 00000000 00:00 0 
7f9273da2000-7f9273dcf000 rw-p 00000000 00:00 0 
7f9273dcf000-7f9274163000 ---p 00000000 00:00 0 
7f9274163000-7f9274c53000 rwxp 00000000 00:00 0 
7f9274c53000-7f9283163000 ---p 00000000 00:00 0 
7f9283163000-7f928317d000 r-xp 00000000 08:06 957763                     /opt/android-studio/jre/jre/lib/amd64/libzip.so
7f928317d000-7f928337d000 ---p 0001a000 08:06 957763                     /opt/android-studio/jre/jre/lib/amd64/libzip.so
7f928337d000-7f928337e000 r--p 0001a000 08:06 957763                     /opt/android-studio/jre/jre/lib/amd64/libzip.so
7f928337e000-7f928337f000 rw-p 0001b000 08:06 957763                     /opt/android-studio/jre/jre/lib/amd64/libzip.so
7f928337f000-7f928338a000 r-xp 00000000 08:06 2102634                    /lib/x86_64-linux-gnu/libnss_files-2.23.so
7f928338a000-7f9283589000 ---p 0000b000 08:06 2102634                    /lib/x86_64-linux-gnu/libnss_files-2.23.so
7f9283589000-7f928358a000 r--p 0000a000 08:06 2102634                    /lib/x86_64-linux-gnu/libnss_files-2.23.so
7f928358a000-7f928358b000 rw-p 0000b000 08:06 2102634                    /lib/x86_64-linux-gnu/libnss_files-2.23.so
7f928358b000-7f9283591000 rw-p 00000000 00:00 0 
7f9283591000-7f928359c000 r-xp 00000000 08:06 2102644                    /lib/x86_64-linux-gnu/libnss_nis-2.23.so
7f928359c000-7f928379b000 ---p 0000b000 08:06 2102644                    /lib/x86_64-linux-gnu/libnss_nis-2.23.so
7f928379b000-7f928379c000 r--p 0000a000 08:06 2102644                    /lib/x86_64-linux-gnu/libnss_nis-2.23.so
7f928379c000-7f928379d000 rw-p 0000b000 08:06 2102644                    /lib/x86_64-linux-gnu/libnss_nis-2.23.so
7f928379d000-7f92837b3000 r-xp 00000000 08:06 2102628                    /lib/x86_64-linux-gnu/libnsl-2.23.so
7f92837b3000-7f92839b2000 ---p 00016000 08:06 2102628                    /lib/x86_64-linux-gnu/libnsl-2.23.so
7f92839b2000-7f92839b3000 r--p 00015000 08:06 2102628                    /lib/x86_64-linux-gnu/libnsl-2.23.so
7f92839b3000-7f92839b4000 rw-p 00016000 08:06 2102628                    /lib/x86_64-linux-gnu/libnsl-2.23.so
7f92839b4000-7f92839b6000 rw-p 00000000 00:00 0 
7f92839b6000-7f92839be000 r-xp 00000000 08:06 2102630                    /lib/x86_64-linux-gnu/libnss_compat-2.23.so
7f92839be000-7f9283bbd000 ---p 00008000 08:06 2102630                    /lib/x86_64-linux-gnu/libnss_compat-2.23.so
7f9283bbd000-7f9283bbe000 r--p 00007000 08:06 2102630                    /lib/x86_64-linux-gnu/libnss_compat-2.23.so
7f9283bbe000-7f9283bbf000 rw-p 00008000 08:06 2102630                    /lib/x86_64-linux-gnu/libnss_compat-2.23.so
7f9283bbf000-7f9283bec000 r-xp 00000000 08:06 957762                     /opt/android-studio/jre/jre/lib/amd64/libjava.so
7f9283bec000-7f9283deb000 ---p 0002d000 08:06 957762                     /opt/android-studio/jre/jre/lib/amd64/libjava.so
7f9283deb000-7f9283dec000 r--p 0002c000 08:06 957762                     /opt/android-studio/jre/jre/lib/amd64/libjava.so
7f9283dec000-7f9283dee000 rw-p 0002d000 08:06 957762                     /opt/android-studio/jre/jre/lib/amd64/libjava.so
7f9283dee000-7f9283dfe000 r-xp 00000000 08:06 957768                     /opt/android-studio/jre/jre/lib/amd64/libverify.so
7f9283dfe000-7f9283ffd000 ---p 00010000 08:06 957768                     /opt/android-studio/jre/jre/lib/amd64/libverify.so
7f9283ffd000-7f9283fff000 r--p 0000f000 08:06 957768                     /opt/android-studio/jre/jre/lib/amd64/libverify.so
7f9283fff000-7f9284000000 rw-p 00011000 08:06 957768                     /opt/android-studio/jre/jre/lib/amd64/libverify.so
7f9284000000-7f9284cd0000 rw-p 00000000 00:00 0 
7f9284cd0000-7f9288000000 ---p 00000000 00:00 0 
7f9288000000-7f9288002000 r--s 00007000 08:06 421746                     /home/aheat/.gradle/wrapper/dists/gradle-4.1-all/bzyivzo6n839fup2jbap0tjew/gradle-4.1/lib/objenesis-1.2.jar
7f9288002000-7f9288004000 r--s 00006000 08:06 421655                     /home/aheat/.gradle/wrapper/dists/gradle-4.1-all/bzyivzo6n839fup2jbap0tjew/gradle-4.1/lib/gradle-process-services-4.1.jar
7f9288004000-7f9288009000 r--s 00041000 08:06 421709                     /home/aheat/.gradle/wrapper/dists/gradle-4.1-all/bzyivzo6n839fup2jbap0tjew/gradle-4.1/lib/commons-lang-2.6.jar
7f9288009000-7f928804b000 rw-p 00000000 00:00 0 
7f928804b000-7f9288052000 r-xp 00000000 08:06 2102689                    /lib/x86_64-linux-gnu/librt-2.23.so
7f9288052000-7f9288251000 ---p 00007000 08:06 2102689                    /lib/x86_64-linux-gnu/librt-2.23.so
7f9288251000-7f9288252000 r--p 00006000 08:06 2102689                    /lib/x86_64-linux-gnu/librt-2.23.so
7f9288252000-7f9288253000 rw-p 00007000 08:06 2102689                    /lib/x86_64-linux-gnu/librt-2.23.so
7f9288253000-7f928835b000 r-xp 00000000 08:06 2102605                    /lib/x86_64-linux-gnu/libm-2.23.so
7f928835b000-7f928855a000 ---p 00108000 08:06 2102605                    /lib/x86_64-linux-gnu/libm-2.23.so
7f928855a000-7f928855b000 r--p 00107000 08:06 2102605                    /lib/x86_64-linux-gnu/libm-2.23.so
7f928855b000-7f928855c000 rw-p 00108000 08:06 2102605                    /lib/x86_64-linux-gnu/libm-2.23.so
7f928855c000-7f9289154000 r-xp 00000000 08:06 957772                     /opt/android-studio/jre/jre/lib/amd64/server/libjvm.so
7f9289154000-7f9289354000 ---p 00bf8000 08:06 957772                     /opt/android-studio/jre/jre/lib/amd64/server/libjvm.so
7f9289354000-7f92893f3000 r--p 00bf8000 08:06 957772                     /opt/android-studio/jre/jre/lib/amd64/server/libjvm.so
7f92893f3000-7f928941c000 rw-p 00c97000 08:06 957772                     /opt/android-studio/jre/jre/lib/amd64/server/libjvm.so
7f928941c000-7f9289460000 rw-p 00000000 00:00 0 
7f9289460000-7f9289478000 r-xp 00000000 08:06 2102681                    /lib/x86_64-linux-gnu/libpthread-2.23.so
7f9289478000-7f9289677000 ---p 00018000 08:06 2102681                    /lib/x86_64-linux-gnu/libpthread-2.23.so
7f9289677000-7f9289678000 r--p 00017000 08:06 2102681                    /lib/x86_64-linux-gnu/libpthread-2.23.so
7f9289678000-7f9289679000 rw-p 00018000 08:06 2102681                    /lib/x86_64-linux-gnu/libpthread-2.23.so
7f9289679000-7f928967d000 rw-p 00000000 00:00 0 
7f928967d000-7f9289680000 r-xp 00000000 08:06 2102559                    /lib/x86_64-linux-gnu/libdl-2.23.so
7f9289680000-7f928987f000 ---p 00003000 08:06 2102559                    /lib/x86_64-linux-gnu/libdl-2.23.so
7f928987f000-7f9289880000 r--p 00002000 08:06 2102559                    /lib/x86_64-linux-gnu/libdl-2.23.so
7f9289880000-7f9289881000 rw-p 00003000 08:06 2102559                    /lib/x86_64-linux-gnu/libdl-2.23.so
7f9289881000-7f9289a40000 r-xp 00000000 08:06 2102535                    /lib/x86_64-linux-gnu/libc-2.23.so
7f9289a40000-7f9289c40000 ---p 001bf000 08:06 2102535                    /lib/x86_64-linux-gnu/libc-2.23.so
7f9289c40000-7f9289c44000 r--p 001bf000 08:06 2102535                    /lib/x86_64-linux-gnu/libc-2.23.so
7f9289c44000-7f9289c46000 rw-p 001c3000 08:06 2102535                    /lib/x86_64-linux-gnu/libc-2.23.so
7f9289c46000-7f9289c4a000 rw-p 00000000 00:00 0 
7f9289c4a000-7f9289c60000 r-xp 00000000 08:06 957711                     /opt/android-studio/jre/lib/amd64/jli/libjli.so
7f9289c60000-7f9289e5f000 ---p 00016000 08:06 957711                     /opt/android-studio/jre/lib/amd64/jli/libjli.so
7f9289e5f000-7f9289e60000 r--p 00015000 08:06 957711                     /opt/android-studio/jre/lib/amd64/jli/libjli.so
7f9289e60000-7f9289e61000 rw-p 00016000 08:06 957711                     /opt/android-studio/jre/lib/amd64/jli/libjli.so
7f9289e61000-7f9289e87000 r-xp 00000000 08:06 2102507                    /lib/x86_64-linux-gnu/ld-2.23.so
7f9289e87000-7f9289e89000 r--s 00000000 08:06 421653                     /home/aheat/.gradle/wrapper/dists/gradle-4.1-all/bzyivzo6n839fup2jbap0tjew/gradle-4.1/lib/gradle-jvm-services-4.1.jar
7f9289e89000-7f9289e8c000 r--s 00006000 08:06 421708                     /home/aheat/.gradle/wrapper/dists/gradle-4.1-all/bzyivzo6n839fup2jbap0tjew/gradle-4.1/lib/jsr305-1.3.9.jar
7f9289e8c000-7f9289e90000 r--s 00027000 08:06 421702                     /home/aheat/.gradle/wrapper/dists/gradle-4.1-all/bzyivzo6n839fup2jbap0tjew/gradle-4.1/lib/commons-io-2.2.jar
7f9289e90000-7f9289e98000 r--s 000bd000 08:06 421700                     /home/aheat/.gradle/wrapper/dists/gradle-4.1-all/bzyivzo6n839fup2jbap0tjew/gradle-4.1/lib/asm-debug-all-6.0_ALPHA.jar
7f9289e98000-7f9289ea4000 r--s 00053000 08:06 421696                     /home/aheat/.gradle/wrapper/dists/gradle-4.1-all/bzyivzo6n839fup2jbap0tjew/gradle-4.1/lib/gradle-base-services-4.1.jar
7f9289ea4000-7f9289f66000 rw-p 00000000 00:00 0 
7f9289f66000-7f9289f69000 ---p 00000000 00:00 0 
7f9289f69000-7f928a06b000 rw-p 00000000 00:00 0 
7f928a06b000-7f928a06c000 r--s 00000000 08:06 421710                     /home/aheat/.gradle/wrapper/dists/gradle-4.1-all/bzyivzo6n839fup2jbap0tjew/gradle-4.1/lib/jcip-annotations-1.0.jar
7f928a06c000-7f928a06d000 r--s 00007000 08:06 421706                     /home/aheat/.gradle/wrapper/dists/gradle-4.1-all/bzyivzo6n839fup2jbap0tjew/gradle-4.1/lib/slf4j-api-1.7.10.jar
7f928a06d000-7f928a06e000 r--s 00004000 08:06 421724                     /home/aheat/.gradle/wrapper/dists/gradle-4.1-all/bzyivzo6n839fup2jbap0tjew/gradle-4.1/lib/ant-launcher-1.9.6.jar
7f928a06e000-7f928a07a000 r--s 0005c000 08:06 421639                     /home/aheat/.gradle/wrapper/dists/gradle-4.1-all/bzyivzo6n839fup2jbap0tjew/gradle-4.1/lib/gradle-launcher-4.1.jar
7f928a07a000-7f928a082000 rw-s 00000000 08:06 427494                     /tmp/hsperfdata_aheat/6279
7f928a082000-7f928a083000 rw-p 00000000 00:00 0 
7f928a083000-7f928a084000 ---p 00000000 00:00 0 
7f928a084000-7f928a086000 rw-p 00000000 00:00 0 
7f928a086000-7f928a087000 r--p 00025000 08:06 2102507                    /lib/x86_64-linux-gnu/ld-2.23.so
7f928a087000-7f928a088000 rw-p 00026000 08:06 2102507                    /lib/x86_64-linux-gnu/ld-2.23.so
7f928a088000-7f928a089000 rw-p 00000000 00:00 0 
7ffc90203000-7ffc90224000 rw-p 00000000 00:00 0                          [stack]
7ffc903f1000-7ffc903f3000 r--p 00000000 00:00 0                          [vvar]
7ffc903f3000-7ffc903f5000 r-xp 00000000 00:00 0                          [vdso]
ffffffffff600000-ffffffffff601000 r-xp 00000000 00:00 0                  [vsyscall]

VM Arguments:
jvm_args: -Xmx1536m -Dfile.encoding=UTF-8 -Duser.country=US -Duser.language=en -Duser.variant 
java_command: org.gradle.launcher.daemon.bootstrap.GradleDaemon 4.1
java_class_path (initial): /home/aheat/.gradle/wrapper/dists/gradle-4.1-all/bzyivzo6n839fup2jbap0tjew/gradle-4.1/lib/gradle-launcher-4.1.jar
Launcher Type: SUN_STANDARD

Environment Variables:
PATH=/home/aheat/bin:/home/aheat/.local/bin:/usr/local/sbin:/usr/local/bin:/usr/sbin:/usr/bin:/sbin:/bin:/usr/games:/usr/local/games
LD_LIBRARY_PATH=/opt/android-studio/bin:
SHELL=/bin/bash
DISPLAY=:0

Signal Handlers:
SIGSEGV: [libjvm.so+0x9ebc60], sa_mask[0]=11111111011111111101111111111110, sa_flags=SA_RESTART|SA_SIGINFO
SIGBUS: [libjvm.so+0x9ebc60], sa_mask[0]=11111111011111111101111111111110, sa_flags=SA_RESTART|SA_SIGINFO
SIGFPE: [libjvm.so+0x84cf60], sa_mask[0]=11111111011111111101111111111110, sa_flags=SA_RESTART|SA_SIGINFO
SIGPIPE: [libjvm.so+0x84cf60], sa_mask[0]=11111111011111111101111111111110, sa_flags=SA_RESTART|SA_SIGINFO
SIGXFSZ: [libjvm.so+0x84cf60], sa_mask[0]=11111111011111111101111111111110, sa_flags=SA_RESTART|SA_SIGINFO
SIGILL: [libjvm.so+0x84cf60], sa_mask[0]=11111111011111111101111111111110, sa_flags=SA_RESTART|SA_SIGINFO
SIGUSR1: SIG_DFL, sa_mask[0]=00000000000000000000000000000000, sa_flags=none
SIGUSR2: [libjvm.so+0x84ce30], sa_mask[0]=00100000000000000000000000000000, sa_flags=SA_RESTART|SA_SIGINFO
SIGHUP: [libjvm.so+0x84d020], sa_mask[0]=11111111011111111101111111111110, sa_flags=SA_RESTART|SA_SIGINFO
SIGINT: [libjvm.so+0x84d020], sa_mask[0]=11111111011111111101111111111110, sa_flags=SA_RESTART|SA_SIGINFO
SIGTERM: [libjvm.so+0x84d020], sa_mask[0]=11111111011111111101111111111110, sa_flags=SA_RESTART|SA_SIGINFO
SIGQUIT: [libjvm.so+0x84d020], sa_mask[0]=11111111011111111101111111111110, sa_flags=SA_RESTART|SA_SIGINFO


---------------  S Y S T E M  ---------------

OS:DISTRIB_ID=LinuxMint
DISTRIB_RELEASE=18.2
DISTRIB_CODENAME=sonya
DISTRIB_DESCRIPTION="Linux Mint 18.2 Sonya"

uname:Linux 4.8.0-53-generic #56~16.04.1-Ubuntu SMP Tue May 16 01:18:56 UTC 2017 x86_64
libc:glibc 2.23 NPTL 2.23 
rlimit: STACK 8192k, CORE 0k, NPROC 15122, NOFILE 65536, AS infinity
load average:1,66 1,06 0,96

/proc/meminfo:
MemTotal:        3916696 kB
MemFree:          107760 kB
MemAvailable:       9816 kB
Buffers:             616 kB
Cached:           404352 kB
SwapCached:          104 kB
Active:          3028424 kB
Inactive:         611516 kB
Active(anon):    3023004 kB
Inactive(anon):   605268 kB
Active(file):       5420 kB
Inactive(file):     6248 kB
Unevictable:          32 kB
Mlocked:              32 kB
SwapTotal:          9212 kB
SwapFree:              0 kB
Dirty:               276 kB
Writeback:             0 kB
AnonPages:       3235036 kB
Mapped:           128764 kB
Shmem:            393164 kB
Slab:              70036 kB
SReclaimable:      35188 kB
SUnreclaim:        34848 kB
KernelStack:        8768 kB
PageTables:        33832 kB
NFS_Unstable:          0 kB
Bounce:                0 kB
WritebackTmp:          0 kB
CommitLimit:     1967560 kB
Committed_AS:    6201104 kB
VmallocTotal:   34359738367 kB
VmallocUsed:           0 kB
VmallocChunk:          0 kB
HardwareCorrupted:     0 kB
AnonHugePages:   1021952 kB
ShmemHugePages:        0 kB
ShmemPmdMapped:        0 kB
CmaTotal:              0 kB
CmaFree:               0 kB
HugePages_Total:       0
HugePages_Free:        0
HugePages_Rsvd:        0
HugePages_Surp:        0
Hugepagesize:       2048 kB
DirectMap4k:      135564 kB
DirectMap2M:     3930112 kB
DirectMap1G:     1048576 kB


CPU:total 4 (initial active 4) (2 cores per cpu, 2 threads per core) family 6 model 78 stepping 3, cmov, cx8, fxsr, mmx, sse, sse2, sse3, ssse3, sse4.1, sse4.2, popcnt, avx, avx2, aes, clmul, erms, 3dnowpref, lzcnt, ht, tsc, tscinvbit, bmi1, bmi2, adx

/proc/cpuinfo:
processor	: 0
vendor_id	: GenuineIntel
cpu family	: 6
model		: 78
model name	: Intel(R) Core(TM) i3-6006U CPU @ 2.00GHz
stepping	: 3
microcode	: 0x9e
cpu MHz		: 1471.313
cache size	: 3072 KB
physical id	: 0
siblings	: 4
core id		: 0
cpu cores	: 2
apicid		: 0
initial apicid	: 0
fpu		: yes
fpu_exception	: yes
cpuid level	: 22
wp		: yes
flags		: fpu vme de pse tsc msr pae mce cx8 apic sep mtrr pge mca cmov pat pse36 clflush dts acpi mmx fxsr sse sse2 ss ht tm pbe syscall nx pdpe1gb rdtscp lm constant_tsc art arch_perfmon pebs bts rep_good nopl xtopology nonstop_tsc aperfmperf eagerfpu pni pclmulqdq dtes64 monitor ds_cpl vmx est tm2 ssse3 sdbg fma cx16 xtpr pdcm pcid sse4_1 sse4_2 x2apic movbe popcnt tsc_deadline_timer aes xsave avx f16c rdrand lahf_lm abm 3dnowprefetch epb intel_pt tpr_shadow vnmi flexpriority ept vpid fsgsbase tsc_adjust bmi1 avx2 smep bmi2 erms invpcid mpx rdseed adx smap clflushopt xsaveopt xsavec xgetbv1 xsaves dtherm arat pln pts hwp hwp_notify hwp_act_window hwp_epp
bugs		:
bogomips	: 3984.00
clflush size	: 64
cache_alignment	: 64
address sizes	: 39 bits physical, 48 bits virtual
power management:

processor	: 1
vendor_id	: GenuineIntel
cpu family	: 6
model		: 78
model name	: Intel(R) Core(TM) i3-6006U CPU @ 2.00GHz
stepping	: 3
microcode	: 0x9e
cpu MHz		: 1973.876
cache size	: 3072 KB
physical id	: 0
siblings	: 4
core id		: 1
cpu cores	: 2
apicid		: 2
initial apicid	: 2
fpu		: yes
fpu_exception	: yes
cpuid level	: 22
wp		: yes
flags		: fpu vme de pse tsc msr pae mce cx8 apic sep mtrr pge mca cmov pat pse36 clflush dts acpi mmx fxsr sse sse2 ss ht tm pbe syscall nx pdpe1gb rdtscp lm constant_tsc art arch_perfmon pebs bts rep_good nopl xtopology nonstop_tsc aperfmperf eagerfpu pni pclmulqdq dtes64 monitor ds_cpl vmx est tm2 ssse3 sdbg fma cx16 xtpr pdcm pcid sse4_1 sse4_2 x2apic movbe popcnt tsc_deadline_timer aes xsave avx f16c rdrand lahf_lm abm 3dnowprefetch epb intel_pt tpr_shadow vnmi flexpriority ept vpid fsgsbase tsc_adjust bmi1 avx2 smep bmi2 erms invpcid mpx rdseed adx smap clflushopt xsaveopt xsavec xgetbv1 xsaves dtherm arat pln pts hwp hwp_notify hwp_act_window hwp_epp
bugs		:
bogomips	: 3984.00
clflush size	: 64
cache_alignment	: 64
address sizes	: 39 bits physical, 48 bits virtual
power management:

processor	: 2
vendor_id	: GenuineIntel
cpu family	: 6
model		: 78
model name	: Intel(R) Core(TM) i3-6006U CPU @ 2.00GHz
stepping	: 3
microcode	: 0x9e
cpu MHz		: 1614.013
cache size	: 3072 KB
physical id	: 0
siblings	: 4
core id		: 0
cpu cores	: 2
apicid		: 1
initial apicid	: 1
fpu		: yes
fpu_exception	: yes
cpuid level	: 22
wp		: yes
flags		: fpu vme de pse tsc msr pae mce cx8 apic sep mtrr pge mca cmov pat pse36 clflush dts acpi mmx fxsr sse sse2 ss ht tm pbe syscall nx pdpe1gb rdtscp lm constant_tsc art arch_perfmon pebs bts rep_good nopl xtopology nonstop_tsc aperfmperf eagerfpu pni pclmulqdq dtes64 monitor ds_cpl vmx est tm2 ssse3 sdbg fma cx16 xtpr pdcm pcid sse4_1 sse4_2 x2apic movbe popcnt tsc_deadline_timer aes xsave avx f16c rdrand lahf_lm abm 3dnowprefetch epb intel_pt tpr_shadow vnmi flexpriority ept vpid fsgsbase tsc_adjust bmi1 avx2 smep bmi2 erms invpcid mpx rdseed adx smap clflushopt xsaveopt xsavec xgetbv1 xsaves dtherm arat pln pts hwp hwp_notify hwp_act_window hwp_epp
bugs		:
bogomips	: 3984.00
clflush size	: 64
cache_alignment	: 64
address sizes	: 39 bits physical, 48 bits virtual
power management:

processor	: 3
vendor_id	: GenuineIntel
cpu family	: 6
model		: 78
model name	: Intel(R) Core(TM) i3-6006U CPU @ 2.00GHz
stepping	: 3
microcode	: 0x9e
cpu MHz		: 1863.037
cache size	: 3072 KB
physical id	: 0
siblings	: 4
core id		: 1
cpu cores	: 2
apicid		: 3
initial apicid	: 3
fpu		: yes
fpu_exception	: yes
cpuid level	: 22
wp		: yes
flags		: fpu vme de pse tsc msr pae mce cx8 apic sep mtrr pge mca cmov pat pse36 clflush dts acpi mmx fxsr sse sse2 ss ht tm pbe syscall nx pdpe1gb rdtscp lm constant_tsc art arch_perfmon pebs bts rep_good nopl xtopology nonstop_tsc aperfmperf eagerfpu pni pclmulqdq dtes64 monitor ds_cpl vmx est tm2 ssse3 sdbg fma cx16 xtpr pdcm pcid sse4_1 sse4_2 x2apic movbe popcnt tsc_deadline_timer aes xsave avx f16c rdrand lahf_lm abm 3dnowprefetch epb intel_pt tpr_shadow vnmi flexpriority ept vpid fsgsbase tsc_adjust bmi1 avx2 smep bmi2 erms invpcid mpx rdseed adx smap clflushopt xsaveopt xsavec xgetbv1 xsaves dtherm arat pln pts hwp hwp_notify hwp_act_window hwp_epp
bugs		:
bogomips	: 3984.00
clflush size	: 64
cache_alignment	: 64
address sizes	: 39 bits physical, 48 bits virtual
power management:



Memory: 4k page, physical 3916696k(106520k free), swap 9212k(0k free)

vm_info: OpenJDK 64-Bit Server VM (25.152-b01) for linux-amd64 JRE (1.8.0_152-release-915-b01), built by "builder" with gcc 4.8.4

time: Sat Aug 18 05:45:40 2018
elapsed time: 7 seconds (0d 0h 0m 7s)

