#
# There is insufficient memory for the Java Runtime Environment to continue.
# Native memory allocation (mmap) failed to map 25165824 bytes for committing reserved memory.
# Possible reasons:
#   The system is out of physical RAM or swap space
#   In 32 bit mode, the process size limit was hit
# Possible solutions:
#   Reduce memory load on the system
#   Increase physical memory or swap space
#   Check if swap backing store is full
#   Use 64 bit Java on a 64 bit OS
#   Decrease Java heap size (-Xmx/-Xms)
#   Decrease number of Java threads
#   Decrease Java thread stack sizes (-Xss)
#   Set larger code cache with -XX:ReservedCodeCacheSize=
# This output file may be truncated or incomplete.
#
#  Out of Memory Error (os_linux.cpp:2640), pid=2990, tid=0x00007f53543f3700
#
# JRE version: OpenJDK Runtime Environment (8.0_152-b01) (build 1.8.0_152-release-915-b01)
# Java VM: OpenJDK 64-Bit Server VM (25.152-b01 mixed mode linux-amd64 compressed oops)
# Failed to write core dump. Core dumps have been disabled. To enable core dumping, try "ulimit -c unlimited" before starting Java again
#

---------------  T H R E A D  ---------------

Current thread (0x00007f536c079000):  VMThread [stack: 0x00007f53542f3000,0x00007f53543f4000] [id=2997]

Stack: [0x00007f53542f3000,0x00007f53543f4000],  sp=0x00007f53543f24c0,  free space=1021k
Native frames: (J=compiled Java code, j=interpreted, Vv=VM code, C=native code)
V  [libjvm.so+0x9eb15d]  VMError::report_and_die()+0x15d
V  [libjvm.so+0x4b8eaa]  report_vm_out_of_memory(char const*, int, unsigned long, VMErrorType, char const*)+0x8a
V  [libjvm.so+0x851370]  os::pd_commit_memory(char*, unsigned long, unsigned long, bool)+0xf0
V  [libjvm.so+0x84be8f]  os::commit_memory(char*, unsigned long, unsigned long, bool)+0x1f
V  [libjvm.so+0x8c261b]  PSVirtualSpace::expand_by(unsigned long)+0x5b
V  [libjvm.so+0x8c3290]  PSYoungGen::resize_generation(unsigned long, unsigned long)+0xb0
V  [libjvm.so+0x8c35ab]  PSYoungGen::resize(unsigned long, unsigned long)+0x1b
V  [libjvm.so+0x8bfc9c]  PSScavenge::invoke_no_policy()+0xdac
V  [libjvm.so+0x8c0478]  PSScavenge::invoke()+0x38
V  [libjvm.so+0x8748f3]  ParallelScavengeHeap::failed_mem_allocate(unsigned long)+0x63
V  [libjvm.so+0x9ecc84]  VM_ParallelGCFailedAllocation::doit()+0x84
V  [libjvm.so+0x9f1197]  VM_Operation::evaluate()+0x47
V  [libjvm.so+0x9efb78]  VMThread::evaluate_operation(VM_Operation*)+0x2c8
V  [libjvm.so+0x9efff9]  VMThread::loop()+0x219
V  [libjvm.so+0x9f0442]  VMThread::run()+0x72
V  [libjvm.so+0x84e792]  java_start(Thread*)+0xf2

VM_Operation (0x00007f52fadfa690): ParallelGCFailedAllocation, mode: safepoint, requested by thread 0x00007f5320007800


---------------  P R O C E S S  ---------------

Java Threads: ( => current thread )
  0x00007f52e8001800 JavaThread "RMI RenewClean-[localhost:45315,org.jetbrains.kotlin.daemon.common.LoopbackNetworkInterface$ClientLoopbackSocketFactory@50690db3]" daemon [_thread_blocked, id=3338, stack(0x00007f52fabfe000,0x00007f52facff000)]
  0x00007f5320007800 JavaThread "RMI TCP Connection(9)-127.0.0.1" daemon [_thread_blocked, id=3337, stack(0x00007f52facff000,0x00007f52fae00000)]
  0x00007f5320006800 JavaThread "RMI TCP Connection(8)-127.0.0.1" daemon [_thread_blocked, id=3333, stack(0x00007f533e122000,0x00007f533e223000)]
  0x00007f5308003800 JavaThread "RMI RenewClean-[localhost:45315,org.jetbrains.kotlin.daemon.common.LoopbackNetworkInterface$ClientLoopbackSocketFactory@2d180a9c]" daemon [_thread_blocked, id=3330, stack(0x00007f533e928000,0x00007f533ea29000)]
  0x00007f5320005000 JavaThread "RMI TCP Connection(7)-127.0.0.1" daemon [_thread_blocked, id=3327, stack(0x00007f533e324000,0x00007f533e425000)]
  0x00007f5320003000 